{"numFailedTestSuites":1,"numFailedTests":15,"numPassedTestSuites":0,"numPassedTests":21,"numPendingTestSuites":0,"numPendingTests":0,"numRuntimeErrorTestSuites":0,"numTodoTests":0,"numTotalTestSuites":1,"numTotalTests":36,"openHandles":[],"snapshot":{"added":0,"didUpdate":false,"failure":false,"filesAdded":0,"filesRemoved":0,"filesRemovedList":[],"filesUnmatched":0,"filesUpdated":0,"matched":0,"total":0,"unchecked":0,"uncheckedKeysByFile":[],"unmatched":0,"updated":0},"startTime":1761669673496,"success":false,"testResults":[{"assertionResults":[{"ancestorTitles":["FlagRadar Component","Rendering and Initial State"],"duration":13,"failing":false,"failureDetails":[],"failureMessages":[],"fullName":"FlagRadar Component Rendering and Initial State should render loading state initially","invocations":1,"location":null,"numPassingAsserts":1,"retryReasons":[],"startAt":1761669673762,"status":"passed","title":"should render loading state initially"},{"ancestorTitles":["FlagRadar Component","Rendering and Initial State"],"duration":10,"failing":false,"failureDetails":[],"failureMessages":[],"fullName":"FlagRadar Component Rendering and Initial State should render empty state when no flags exist","invocations":1,"location":null,"numPassingAsserts":1,"retryReasons":[],"startAt":1761669673775,"status":"passed","title":"should render empty state when no flags exist"},{"ancestorTitles":["FlagRadar Component","Rendering and Initial State"],"duration":6,"failing":false,"failureDetails":[],"failureMessages":[],"fullName":"FlagRadar Component Rendering and Initial State should render error state on API failure","invocations":1,"location":null,"numPassingAsserts":1,"retryReasons":[],"startAt":1761669673785,"status":"passed","title":"should render error state on API failure"},{"ancestorTitles":["FlagRadar Component","Rendering and Initial State"],"duration":28,"failing":false,"failureDetails":[],"failureMessages":[],"fullName":"FlagRadar Component Rendering and Initial State should show retry button on error","invocations":1,"location":null,"numPassingAsserts":1,"retryReasons":[],"startAt":1761669673791,"status":"passed","title":"should show retry button on error"},{"ancestorTitles":["FlagRadar Component","Statistics Calculation"],"duration":1018,"failing":false,"failureDetails":[{"name":"TestingLibraryElementError"}],"failureMessages":["Error: Found multiple elements with the text: 3\n\nHere are the matching elements:\n\nIgnored nodes: comments, script, style\n\u001b[36m<div\u001b[39m\n  \u001b[33mclass\u001b[39m=\u001b[32m\"jsx-d179aaf9c6071a0e stat-value\"\u001b[39m\n\u001b[36m>\u001b[39m\n  \u001b[0m3\u001b[0m\n\u001b[36m</div>\u001b[39m\n\nIgnored nodes: comments, script, style\n\u001b[36m<span\u001b[39m\n  \u001b[33mclass\u001b[39m=\u001b[32m\"jsx-d179aaf9c6071a0e severity-label\"\u001b[39m\n\u001b[36m>\u001b[39m\n  \u001b[0m3\u001b[0m\n\u001b[36m</span>\u001b[39m\n\nIgnored nodes: comments, script, style\n\u001b[36m<div\u001b[39m\n  \u001b[33maria-label\u001b[39m=\u001b[32m\"Severity 3\"\u001b[39m\n  \u001b[33mclass\u001b[39m=\u001b[32m\"jsx-d179aaf9c6071a0e flag-severity\"\u001b[39m\n  \u001b[33mstyle\u001b[39m=\u001b[32m\"background-color: var(--color-warning);\"\u001b[39m\n\u001b[36m>\u001b[39m\n  \u001b[0m3\u001b[0m\n\u001b[36m</div>\u001b[39m\n\nIgnored nodes: comments, script, style\n\u001b[36m<div\u001b[39m\n  \u001b[33maria-label\u001b[39m=\u001b[32m\"Severity 3\"\u001b[39m\n  \u001b[33mclass\u001b[39m=\u001b[32m\"jsx-d179aaf9c6071a0e flag-severity\"\u001b[39m\n  \u001b[33mstyle\u001b[39m=\u001b[32m\"background-color: var(--color-warning);\"\u001b[39m\n\u001b[36m>\u001b[39m\n  \u001b[0m3\u001b[0m\n\u001b[36m</div>\u001b[39m\n\nIgnored nodes: comments, script, style\n\u001b[36m<div\u001b[39m\n  \u001b[33maria-label\u001b[39m=\u001b[32m\"Severity 3\"\u001b[39m\n  \u001b[33mclass\u001b[39m=\u001b[32m\"jsx-d179aaf9c6071a0e flag-severity\"\u001b[39m\n  \u001b[33mstyle\u001b[39m=\u001b[32m\"background-color: var(--color-warning);\"\u001b[39m\n\u001b[36m>\u001b[39m\n  \u001b[0m3\u001b[0m\n\u001b[36m</div>\u001b[39m\n\n(If this is intentional, then use the `*AllBy*` variant of the query (like `queryAllByText`, `getAllByText`, or `findAllByText`)).\n\nIgnored nodes: comments, script, style\n\u001b[36m<body>\u001b[39m\n  \u001b[36m<div>\u001b[39m\n    \u001b[36m<div\u001b[39m\n      \u001b[33maria-label\u001b[39m=\u001b[32m\"Flag Radar\"\u001b[39m\n      \u001b[33mclass\u001b[39m=\u001b[32m\"jsx-d179aaf9c6071a0e flag-radar \"\u001b[39m\n      \u001b[33mrole\u001b[39m=\u001b[32m\"region\"\u001b[39m\n    \u001b[36m>\u001b[39m\n      \u001b[36m<div\u001b[39m\n        \u001b[33mclass\u001b[39m=\u001b[32m\"jsx-d179aaf9c6071a0e stats-overview\"\u001b[39m\n      \u001b[36m>\u001b[39m\n        \u001b[36m<h2\u001b[39m\n          \u001b[33mclass\u001b[39m=\u001b[32m\"jsx-d179aaf9c6071a0e stats-title\"\u001b[39m\n        \u001b[36m>\u001b[39m\n          \u001b[0mFlag Distribution\u001b[0m\n        \u001b[36m</h2>\u001b[39m\n        \u001b[36m<div\u001b[39m\n          \u001b[33mclass\u001b[39m=\u001b[32m\"jsx-d179aaf9c6071a0e stats-grid\"\u001b[39m\n        \u001b[36m>\u001b[39m\n          \u001b[36m<div\u001b[39m\n            \u001b[33mclass\u001b[39m=\u001b[32m\"jsx-d179aaf9c6071a0e stat-card\"\u001b[39m\n          \u001b[36m>\u001b[39m\n            \u001b[36m<div\u001b[39m\n              \u001b[33mclass\u001b[39m=\u001b[32m\"jsx-d179aaf9c6071a0e stat-value\"\u001b[39m\n            \u001b[36m>\u001b[39m\n              \u001b[0m3\u001b[0m\n            \u001b[36m</div>\u001b[39m\n            \u001b[36m<div\u001b[39m\n              \u001b[33mclass\u001b[39m=\u001b[32m\"jsx-d179aaf9c6071a0e stat-label\"\u001b[39m\n            \u001b[36m>\u001b[39m\n              \u001b[0mTotal Flags\u001b[0m\n            \u001b[36m</div>\u001b[39m\n          \u001b[36m</div>\u001b[39m\n          \u001b[36m<div\u001b[39m\n            \u001b[33mclass\u001b[39m=\u001b[32m\"jsx-d179aaf9c6071a0e stat-card pending\"\u001b[39m\n          \u001b[36m>\u001b[39m\n            \u001b[36m<div\u001b[39m\n              \u001b[33mclass\u001b[39m=\u001b[32m\"jsx-d179aaf9c6071a0e stat-value\"\u001b[39m\n            \u001b[36m>\u001b[39m\n              \u001b[0m1\u001b[0m\n            \u001b[36m</div>\u001b[39m\n            \u001b[36m<div\u001b[39m\n              \u001b[33mclass\u001b[39m=\u001b[32m\"jsx-d179aaf9c6071a0e stat-label\"\u001b[39m\n            \u001b[36m>\u001b[39m\n              \u001b[0mPending\u001b[0m\n            \u001b[36m</div>\u001b[39m\n          \u001b[36m</div>\u001b[39m\n          \u001b[36m<div\u001b[39m\n            \u001b[33mclass\u001b[39m=\u001b[32m\"jsx-d179aaf9c6071a0e stat-card resolved\"\u001b[39m\n          \u001b[36m>\u001b[39m\n            \u001b[36m<div\u001b[39m\n              \u001b[33mclass\u001b[39m=\u001b[32m\"jsx-d179aaf9c6071a0e stat-value\"\u001b[39m\n            \u001b[36m>\u001b[39m\n              \u001b[0m1\u001b[0m\n            \u001b[36m</div>\u001b[39m\n            \u001b[36m<div\u001b[39m\n              \u001b[33mclass\u001b[39m=\u001b[32m\"jsx-d179aaf9c6071a0e stat-label\"\u001b[39m\n            \u001b[36m>\u001b[39m\n              \u001b[0mResolved\u001b[0m\n            \u001b[36m</div>\u001b[39m\n          \u001b[36m</div>\u001b[39m\n          \u001b[36m<div\u001b[39m\n            \u001b[33mclass\u001b[39m=\u001b[32m\"jsx-d179aaf9c6071a0e stat-card dismissed\"\u001b[39m\n          \u001b[36m>\u001b[39m\n            \u001b[36m<div\u001b[39m\n              \u001b[33mclass\u001b[39m=\u001b[32m\"jsx-d179aaf9c6071a0e stat-value\"\u001b[39m\n            \u001b[36m>\u001b[39m\n              \u001b[0m1\u001b[0m\n            \u001b[36m</div>\u001b[39m\n            \u001b[36m<div\u001b[39m\n              \u001b[33mclass\u001b[39m=\u001b[32m\"jsx-d179aaf9c6071a0e stat-label\"\u001b[39m\n            \u001b[36m>\u001b[39m\n              \u001b[0mDismissed\u001b[0m\n            \u001b[36m</div>\u001b[39m\n          \u001b[36m</div>\u001b[39m\n        \u001b[36m</div>\u001b[39m\n      \u001b[36m</div>\u001b[39m\n      \u001b[36m<div\u001b[39m\n        \u001b[33mclass\u001b[39m=\u001b[32m\"jsx-d179aaf9c6071a0e filters-section\"\u001b[39m\n      \u001b[36m>\u001b[39m\n        \u001b[36m<h3\u001b[39m\n          \u001b[33mclass\u001b[39m=\u001b[32m\"jsx-d179aaf9c6071a0e filter-title\"\u001b[39m\n        \u001b[36m>\u001b[39m\n          \u001b[0mFilter by Severity\u001b[0m\n        \u001b[36m</h3>\u001b[39m\n        \u001b[36m<div\u001b[39m\n          \u001b[33maria-label\u001b[39m=\u001b[32m\"Severity filters\"\u001b[39m\n          \u001b[33mclass\u001b[39m=\u001b[32m\"jsx-d179aaf9c6071a0e severity-filters\"\u001b[39m\n          \u001b[33mrole\u001b[39m=\u001b[32m\"group\"\u001b[39m\n        \u001b[36m>\u001b[39m\n          \u001b[36m<button\u001b[39m\n            \u001b[33maria-pressed\u001b[39m=\u001b[32m\"true\"\u001b[39m\n            \u001b[33mclass\u001b[39m=\u001b[32m\"jsx-d179aaf9c6071a0e severity-button active\"\u001b[39m\n          \u001b[36m>\u001b[39m\n            \u001b[36m<span\u001b[39m\n              \u001b[33mclass\u001b[39m=\u001b[32m\"jsx-d179aaf9c6071a0e severity-label\"\u001b[39m\n            \u001b[36m>\u001b[39m\n              \u001b[0mAll\u001b[0m\n            \u001b[36m</span>\u001b[39m\n            \u001b[36m<span\u001b[39m\n              \u001b[33mclass\u001b[39m=\u001b[32m\"jsx-d179aaf9c6071a0e severity-count\"\u001b[39m\n            \u001b[36m>\u001b[39m\n              \u001b[0m(\u001b[0m\n              \u001b[0m3\u001b[0m\n              \u001b[0m)\u001b[0m\n            \u001b[36m</span>\u001b[39m\n          \u001b[36m</button>\u001b[39m\n          \u001b[36m<button\u001b[39m\n            \u001b[33maria-pressed\u001b[39m=\u001b[32m\"false\"\u001b[39m\n            \u001b[33mclass\u001b[39m=\u001b[32m\"jsx-d179aaf9c6071a0e severity-button \"\u001b[39m\n            \u001b[33mstyle\u001b[39m=\u001b[32m\"border-color: var(--color-info); background-color: transparent; color: var(--color-info);\"\u001b[39m\n          \u001b[36m>\u001b[39m\n            \u001b[36m<span\u001b[39m\n              \u001b[33mclass\u001b[39m=\u001b[32m\"jsx-d179aaf9c6071a0e severity-label\"\u001b[39m\n            \u001b[36m>\u001b[39m\n              \u001b[0m1\u001b[0m\n            \u001b[36m</span>\u001b[39m\n            \u001b[36m<span\u001b[39m\n              \u001b[33mclass\u001b[39m=\u001b[32m\"jsx-d179aaf9c6071a0e severity-count\"\u001b[39m\n            \u001b[36m>\u001b[39m\n              \u001b[0m(\u001b[0m\n              \u001b[0m0\u001b[0m\n              \u001b[0m)\u001b[0m\n            \u001b[36m</span>\u001b[39m\n          \u001b[36m</button>\u001b[39m\n          \u001b[36m<button\u001b[39m\n            \u001b[33maria-pressed\u001b[39m=\u001b[32m\"false\"\u001b[39m\n            \u001b[33mclass\u001b[39m=\u001b[32m\"jsx-d179aaf9c6071a0e severity-button \"\u001b[39m\n            \u001b[33mstyle\u001b[39m=\u001b[32m\"border-color: var(--color-info); background-color: transparent; color: var(--color-info);\"\u001b[39m\n          \u001b[36m>\u001b[39m\n            \u001b[36m<span\u001b[39m\n              \u001b[33mclass\u001b[39m=\u001b[32m\"jsx-d179aaf9c6071a0e severity-label\"\u001b[39m\n            \u001b[36m>\u001b[39m\n              \u001b[0m2\u001b[0m\n            \u001b[36m</span>\u001b[39m\n            \u001b[36m<span\u001b[39m\n              \u001b[33mclass\u001b[39m=\u001b[32m\"jsx-d179aaf9c6071a0e severity-count\"\u001b[39m\n            \u001b[36m>\u001b[39m\n              \u001b[0m(\u001b[0m\n              \u001b[0m0\u001b[0m\n              \u001b[0m)\u001b[0m\n            \u001b[36m</span>\u001b[39m\n          \u001b[36m</button>\u001b[39m\n          \u001b[36m<button\u001b[39m\n            \u001b[33maria-pressed\u001b[39m=\u001b[32m\"false\"\u001b[39m\n            \u001b[33mclass\u001b[39m=\u001b[32m\"jsx-d179aaf9c6071a0e severity-button \"\u001b[39m\n            \u001b[33mstyle\u001b[39m=\u001b[32m\"border-color: var(--color-warning); background-color: transparent; color: var(--color-warning);\"\u001b[39m\n          \u001b[36m>\u001b[39m\n            \u001b[36m<span\u001b[39m\n              \u001b[33mclass\u001b[39m=\u001b[32m\"jsx-d179aaf9c6071a0e severity-label\"\u001b[39m\n            \u001b[36m>\u001b[39m\n              \u001b[0m3\u001b[0m\n            \u001b[36m</span>\u001b[39m\n            \u001b[36m<span\u001b[39m\n              \u001b[33mclass\u001b[39m=\u001b[32m\"jsx-d179aaf9c6071a0e severity-count\"\u001b[39m\n            \u001b[36m>\u001b[39m\n              \u001b[0m(\u001b[0m\n              \u001b[0m3\u001b[0m\n              \u001b[0m)\u001b[0m\n            \u001b[36m</span>\u001b[39m\n          \u001b[36m</button>\u001b[39m\n          \u001b[36m<button\u001b[39m\n            \u001b[33maria-pressed\u001b[39m=\u001b[32m\"false\"\u001b[39m\n            \u001b[33mclass\u001b[39m=\u001b[32m\"jsx-d179aaf9c6071a0e severity-button \"\u001b[39m\n            \u001b[33mstyle\u001b[39m=\u001b[32m\"border-color: var(--color-danger); background-color: transparent; color: var(--color-danger);\"\u001b[39m\n          \u001b[36m>\u001b[39m\n            \u001b[36m<span\u001b[39m\n              \u001b[33mclass\u001b[39m=\u001b[32m\"jsx-d179aaf9c6071a0e severity-label\"\u001b[39m\n            \u001b[36m>\u001b[39m\n              \u001b[0m4\u001b[0m\n            \u001b[36m</span>\u001b[39m\n            \u001b[36m<span\u001b[39m\n              \u001b[33mclass\u001b[39m=\u001b[32m\"jsx-d179aaf9c6071a0e severity-count\"\u001b[39m\n            \u001b[36m>\u001b[39m\n              \u001b[0m(\u001b[0m\n              \u001b[0m0\u001b[0m\n              \u001b[0m)\u001b[0m\n            \u001b[36m</span>\u001b[39m\n          \u001b[36m</button>\u001b[39m\n          \u001b[36m<button\u001b[39m\n            \u001b[33maria-pressed\u001b[39m=\u001b[32m\"false\"\u001b[39m\n            \u001b[33mclass\u001b[39m=\u001b[32m\"jsx-d179aaf9c6071a0e severity-button \"\u001b[39m\n            \u001b[33mstyle\u001b[39m=\u001b[32m\"border-color: var(--color-danger); background-color: transparent; color: var(--color-danger);\"\u001b[39m\n          \u001b[36m>\u001b[39m\n            \u001b[36m<span\u001b[39m\n              \u001b[33mclass\u001b[39m=\u001b[32m\"jsx-d179aaf9c6071a0e severity-label\"\u001b[39m\n            \u001b[36m>\u001b[39m\n              \u001b[0m5\u001b[0m\n            \u001b[36m</span>\u001b[39m\n            \u001b[36m<span\u001b[39m\n              \u001b[33mclass\u001b[39m=\u001b[32m\"jsx-d179aaf9c6071a0e severity-count\"\u001b[39m\n            \u001b[36m>\u001b[39m\n              \u001b[0m(\u001b[0m\n              \u001b[0m0\u001b[0m\n              \u001b[0m)\u001b[0m\n            \u001b[36m</span>\u001b[39m\n          \u001b[36m</button>\u001b[39m\n        \u001b[36m</div>\u001b[39m\n      \u001b[36m</div>\u001b[39m\n      \u001b[36m<div\u001b[39m\n        \u001b[33mclass\u001b[39m=\u001b[32m\"jsx-d179aaf9c6071a0e filters-section\"\u001b[39m\n      \u001b[36m>\u001b[39m\n        \u001b[36m<h3\u001b[39m\n          \u001b[33mclass\u001b[39m=\u001b[32m\"jsx-d179aaf9c6071a0e filter-title\"\u001b[39m\n        \u001b[36m>\u001b[39m\n          \u001b[0mFilter by Type\u001b[0m\n        \u001b[36m</h3>\u001b[39m\n        \u001b[36m<div\u001b[39m\n          \u001b[33maria-label\u001b[39m=\u001b[32m\"Manipulation type filters\"\u001b[39m\n          \u001b[33mclass\u001b[39m=\u001b[32m\"jsx-d179aaf9c6071a0e type-filters\"\u001b[39m\n          \u001b[33mrole\u001b[39m=\u001b[32m\"group\"\u001b[39m\n        \u001b[36m>\u001b[39m\n          \u001b[36m<button\u001b[39m\n            \u001b[33maria-pressed\u001b[39m=\u001b[32m\"false\"\u001b[39m\n            \u001b[33mclass\u001b[39m=\u001b[32m\"jsx-d179aaf9c6071a0e type-button \"\u001b[39m\n          \u001b[36m>\u001b[39m\n            \u001b[36m<span\u001b[39m\n              \u001b[33mclass\u001b[39m=\u001b[32m\"jsx-d179aaf9c6071a0e type-label\"\u001b[39m\n            \u001b[36m>\u001b[39m\n              \u001b[0mgaslighting\u001b[0m\n            \u001b[36m</span>\u001b[39m\n            \u001b[36m<span\u001b[39m\n              \u001b[33mclass\u001b[39m=\u001b[32m\"jsx-d179aaf9c6071a0e type-count\"\u001b[39m\n            \u001b[36m>\u001b[39m\n              \u001b[0m(\u001b[0m\n              \u001b[0m3\u001b[0m\n              \u001b[0m)\u001b[0m\n            \u001b[36m</span>\u001b[39m\n          \u001b[36m</button>\u001b[39m\n        \u001b[36m</div>\u001b[39m\n      \u001b[36m</div>\u001b[39m\n      \u001b[36m<div\u001b[39m\n        \u001b[33mclass\u001b[39m=\u001b[32m\"jsx-d179aaf9c6071a0e flags-section\"\u001b[39m\n      \u001b[36m>\u001b[39m\n        \u001b[36m<div\u001b[39m\n          \u001b[33mclass\u001b[39m=\u001b[32m\"jsx-d179aaf9c6071a0e flags-header\"\u001b[39m\n        \u001b[36m>\u001b[39m\n          \u001b[36m<h3\u001b[39m\n            \u001b[33mclass\u001b[39m=\u001b[32m\"jsx-d179aaf9c6071a0e flags-title\"\u001b[39m\n          \u001b[36m>\u001b[39m\n            \u001b[0mAll Flags (3)\u001b[0m\n          \u001b[36m</h3>\u001b[39m\n        \u001b[36m</div>\u001b[39m\n        \u001b[36m<ul\u001b[39m\n          \u001b[33mclass\u001b[39m=\u001b[32m\"jsx-d179aaf9c6071a0e flags-list\"\u001b[39m\n          \u001b[33mrole\u001b[39m=\u001b[32m\"list\"\u001b[39m\n        \u001b[36m>\u001b[39m\n          \u001b[36m<li\u001b[39m\n            \u001b[33mclass\u001b[39m=\u001b[32m\"jsx-d179aaf9c6071a0e flag-item\"\u001b[39m\n          \u001b[36m>\u001b[39m\n            \u001b[36m<button\u001b[39m\n              \u001b[33maria-label\u001b[39m=\u001b[32m\"Flag: Test manipulation text, severity 3, status pending\"\u001b[39m\n              \u001b[33mclass\u001b[39m=\u001b[32m\"jsx-d179aaf9c6071a0e flag-button\"\u001b[39m\n            \u001b[36m>\u001b[39m\n              \u001b[36m<div\u001b[39m\n                \u001b[33mclass\u001b[39m=\u001b[32m\"jsx-d179aaf9c6071a0e flag-header\"\u001b[39m\n              \u001b[36m>\u001b[39m\n                \u001b[36m<div\u001b[39m\n                  \u001b[33maria-label\u001b[39m=\u001b[32m\"Severity 3\"\u001b[39m\n                  \u001b[33mclass\u001b[39m=\u001b[32m\"jsx-d179aaf9c6071a0e flag-severity\"\u001b[39m\n                  \u001b[33mstyle\u001b[39m=\u001b[32m\"background-color: var(--color-warning);\"\u001b[39m\n                \u001b[36m>\u001b[39m\n                  \u001b[0m3\u001b[0m\n                \u001b[36m</div>\u001b[39m\n                \u001b[36m<span\u001b[39m\n                  \u001b[33mclass\u001b[39m=\u001b[32m\"jsx-d179aaf9c6071a0e sr-only\"\u001b[39m\n                \u001b[36m>\u001b[39m\n                  \u001b[0mSeverity: \u001b[0m\n                  \u001b[0m3\u001b[0m\n                \u001b[36m</span>\u001b[39m\n                \u001b[36m<div\u001b[39m\n                  \u001b[33mclass\u001b[39m=\u001b[32m\"jsx-d179aaf9c6071a0e flag-status\"\u001b[39m\n                  \u001b[33mstyle\u001b[39m=\u001b[32m\"color: var(--color-danger);\"\u001b[39m\n                \u001b[36m>\u001b[39m\n                  \u001b[0mpending\u001b[0m\n                \u001b[36m</div>\u001b[39m\n                \u001b[36m<div\u001b[39m\n                  \u001b[33mclass\u001b[39m=\u001b[32m\"jsx-d179aaf9c6071a0e flag-time\"\u001b[39m\n                \u001b[36m>\u001b[39m\n                  \u001b[0m1 hour ago\u001b[0m\n                \u001b[36m</div>\u001b[39m\n              \u001b[36m</div>\u001b[39m\n              \u001b[36m<div\u001b[39m\n                \u001b[33mclass\u001b[39m=\u001b[32m\"jsx-d179aaf9c6071a0e flag-text\"\u001b[39m\n              \u001b[36m>\u001b[39m\n                \u001b[0mTest manipulation text\u001b[0m\n              \u001b[36m</div>\u001b[39m\n              \u001b[36m<div\u001b[39m\n                \u001b[33mclass\u001b[39m=\u001b[32m\"jsx-d179aaf9c6071a0e flag-type\"\u001b[39m\n              \u001b[36m>\u001b[39m\n                \u001b[0mgaslighting\u001b[0m\n              \u001b[36m</div>\u001b[39m\n            \u001b[36m</button>\u001b[39m\n          \u001b[36m</li>\u001b[39m\n          \u001b[36m<li\u001b[39m\n            \u001b[33mclass\u001b[39m=\u001b[32m\"jsx-d179aaf9c6071a0e flag-item\"\u001b[39m\n          \u001b[36m>\u001b[39m\n            \u001b[36m<button\u001b[39m\n              \u001b[33maria-label\u001b[39m=\u001b[32m\"Flag: Test manipulation text, severity 3, status resolved\"\u001b[39m\n              \u001b[33mclass\u001b[39m=\u001b[32m\"jsx-d179aaf9c6071a0e flag-button\"\u001b[39m\n            \u001b[36m>\u001b[39m\n              \u001b[36m<div\u001b[39m\n                \u001b[33mclass\u001b[39m=\u001b[32m\"jsx-d179aaf9c6071a0e flag-header\"\u001b[39m\n              \u001b[36m>\u001b[39m\n                \u001b[36m<div\u001b[39m\n                  \u001b[33maria-label\u001b[39m=\u001b[32m\"Severity 3\"\u001b[39m\n                  \u001b[33mclass\u001b[39m=\u001b[32m\"jsx-d179aaf9c6071a0e flag-severity\"\u001b[39m\n                  \u001b[33mstyle\u001b[39m=\u001b[32m\"background-color: var(--color-warning);\"\u001b[39m\n                \u001b[36m>\u001b[39m\n                  \u001b[0m3\u001b[0m\n                \u001b[36m</div>\u001b[39m\n                \u001b[36m<span\u001b[39m\n                  \u001b[33mclass\u001b[39m=\u001b[32m\"jsx-d179aaf9c6071a0e sr-only\"\u001b[39m\n                \u001b[36m>\u001b[39m\n                  \u001b[0mSeverity: \u001b[0m\n                  \u001b[0m3\u001b[0m\n                \u001b[36m</span>\u001b[39m\n                \u001b[36m<div\u001b[39m\n                  \u001b[33mclass\u001b[39m=\u001b[32m\"jsx-d179aaf9c6071a0e flag-status\"\u001b[39m\n                  \u001b[33mstyle\u001b[39m=\u001b[32m\"color: var(--color-success);\"\u001b[39m\n                \u001b[36m>\u001b[39m\n                  \u001b[0mresolved\u001b[0m\n                \u001b[36m</div>\u001b[39m\n                \u001b[36m<div\u001b[39m\n                  \u001b[33mclass\u001b[39m=\u001b[32m\"jsx-d179aaf9c6071a0e flag-time\"\u001b[39m\n                \u001b[36m>\u001b[39m\n                  \u001b[0m1 hour ago\u001b[0m\n                \u001b[36m</div>\u001b[39m\n              \u001b[36m</div>\u001b[39m\n              \u001b[36m<div\u001b[39m\n                \u001b[33mclass\u001b[39m=\u001b[32m\"jsx-d179aaf9c6071a0e flag-text\"\u001b[39m\n              \u001b[36m>\u001b[39m\n                \u001b[0mTest manipulation text\u001b[0m\n              \u001b[36m</div>\u001b[39m\n              \u001b[36m<div\u001b[39m\n                \u001b[33mclass\u001b[39m=\u001b[32m\"jsx-d179aaf9c6071a0e flag-type\"\u001b[39m\n              \u001b[36m>\u001b[39m\n                \u001b[0mgaslighting\u001b[0m\n              \u001b[36m</div>\u001b[39m\n            \u001b[36m</button>\u001b[39m\n          \u001b[36m</li>\u001b[39m\n          \u001b[36m<li\u001b[39m\n            \u001b[33mclass\u001b[39m=\u001b[32m\"jsx-d179aaf9c6071a0e flag-item\"\u001b[39m\n          \u001b[36m>\u001b[39m\n            \u001b[36m<button\u001b[39m\n              \u001b[33maria-label\u001b[39m=\u001b[32m\"Flag: Test manipulation text, severity 3, status dismissed\"\u001b[39m\n              \u001b[33mclass\u001b[39m=\u001b[32m\"jsx-d179aaf9c6071a0e flag-button\"\u001b[39m\n            \u001b[36m>\u001b[39m\n              \u001b[36m<div\u001b[39m\n                \u001b[33mclass\u001b[39m=\u001b[32m\"jsx-d179aaf9c6071a0e flag-header\"\u001b[39m\n              \u001b[36m>\u001b[39m\n                \u001b[36m<div\u001b[39m\n                  \u001b[33maria-label\u001b[39m=\u001b[32m\"Severity 3\"\u001b[39m\n                  \u001b[33mclass\u001b[39m=\u001b[32m\"jsx-d179aaf9c6071a0e flag-severity\"\u001b[39m\n                  \u001b[33mstyle\u001b[39m=\u001b[32m\"background-color: var(--color-warning);\"\u001b[39m\n                \u001b[36m>\u001b[39m\n                  \u001b[0m3\u001b[0m\n                \u001b[36m</div>\u001b[39m\n                \u001b[36m<span\u001b[39m\n                  \u001b[33mclass\u001b[39m=\u001b[32m\"jsx-d179aaf9c6071a0e sr-only\"\u001b[39m\n                \u001b[36m>\u001b[39m\n                  \u001b[0mSeverity: \u001b[0m\n                  \u001b[0m3\u001b[0m\n                \u001b[36m</span>\u001b[39m\n                \u001b[36m<div\u001b[39m\n                  \u001b[33mclass\u001b[39m=\u001b[32m\"jsx-d179aaf9c6071a0e flag-status\"\u001b[39m\n                  \u001b[33mstyle\u001b[39m=\u001b[32m\"color: var(--color-text-muted);\"\u001b[39m\n                \u001b[36m>\u001b[39m\n                  \u001b[0mdismissed\u001b[0m\n                \u001b[36m</div>\u001b[39m\n                \u001b[36m<div\u001b[39m\n                  \u001b[33mclass\u001b[39m=\u001b[32m\"jsx-d179aaf9c6071a0e flag-time\"\u001b[39m\n                \u001b[36m>\u001b[39m\n                  \u001b[0m1 hour ago\u001b[0m\n                \u001b[36m</div>\u001b[39m\n              \u001b[36m</div>\u001b[39m\n              \u001b[36m<div\u001b[39m\n                \u001b[33mclass\u001b[39m=\u001b[32m\"jsx-d179aaf9c6071a0e flag-text\"\u001b[39m\n              \u001b[36m>\u001b[39m\n                \u001b[0mTest manipulation text\u001b[0m\n              \u001b[36m</div>\u001b[39m\n              \u001b[36m<div\u001b[39m\n                \u001b[33mclass\u001b[39m=\u001b[32m\"jsx-d179aaf9c6071a0e flag-type\"\u001b[39m\n              \u001b[36m>\u001b[39m\n                \u001b[0mgaslighting\u001b[0m\n              \u001b[36m</div>\u001b[39m\n            \u001b[36m</button>\u001b[39m\n          \u001b[36m</li>\u001b[39m\n        \u001b[36m</ul>\u001b[39m\n      \u001b[36m</div>\u001b[39m\n    \u001b[36m</div>\u001b[39m\n  \u001b[36m</div>\u001b[39m\n\u001b[36m</body>\u001b[39m\n    at waitForWrapper (/Users/jamesbrady/wrath-shield-v3/node_modules/@testing-library/dom/dist/wait-for.js:163:27)\n    at Object.<anonymous> (/Users/jamesbrady/wrath-shield-v3/__tests__/components/power/FlagRadar.test.tsx:105:20)\n    at Promise.finally.completed (/Users/jamesbrady/wrath-shield-v3/node_modules/jest-circus/build/jestAdapterInit.js:1557:28)\n    at new Promise (<anonymous>)\n    at callAsyncCircusFn (/Users/jamesbrady/wrath-shield-v3/node_modules/jest-circus/build/jestAdapterInit.js:1497:10)\n    at _callCircusTest (/Users/jamesbrady/wrath-shield-v3/node_modules/jest-circus/build/jestAdapterInit.js:1007:40)\n    at _runTest (/Users/jamesbrady/wrath-shield-v3/node_modules/jest-circus/build/jestAdapterInit.js:947:3)\n    at /Users/jamesbrady/wrath-shield-v3/node_modules/jest-circus/build/jestAdapterInit.js:849:7\n    at _runTestsForDescribeBlock (/Users/jamesbrady/wrath-shield-v3/node_modules/jest-circus/build/jestAdapterInit.js:862:11)\n    at _runTestsForDescribeBlock (/Users/jamesbrady/wrath-shield-v3/node_modules/jest-circus/build/jestAdapterInit.js:857:11)\n    at _runTestsForDescribeBlock (/Users/jamesbrady/wrath-shield-v3/node_modules/jest-circus/build/jestAdapterInit.js:857:11)\n    at run (/Users/jamesbrady/wrath-shield-v3/node_modules/jest-circus/build/jestAdapterInit.js:761:3)\n    at runAndTransformResultsToJestFormat (/Users/jamesbrady/wrath-shield-v3/node_modules/jest-circus/build/jestAdapterInit.js:1918:21)\n    at jestAdapter (/Users/jamesbrady/wrath-shield-v3/node_modules/jest-circus/build/runner.js:101:19)\n    at runTestInternal (/Users/jamesbrady/wrath-shield-v3/node_modules/jest-runner/build/index.js:275:16)\n    at runTest (/Users/jamesbrady/wrath-shield-v3/node_modules/jest-runner/build/index.js:343:7)"],"fullName":"FlagRadar Component Statistics Calculation should calculate total flag count correctly","invocations":1,"location":null,"numPassingAsserts":0,"retryReasons":[],"startAt":1761669673819,"status":"failed","title":"should calculate total flag count correctly"},{"ancestorTitles":["FlagRadar Component","Statistics Calculation"],"duration":1003,"failing":false,"failureDetails":[{"name":"TestingLibraryElementError"}],"failureMessages":["Error: Found multiple elements with the text: /pending/i\n\nHere are the matching elements:\n\nIgnored nodes: comments, script, style\n\u001b[36m<div\u001b[39m\n  \u001b[33mclass\u001b[39m=\u001b[32m\"jsx-d179aaf9c6071a0e stat-label\"\u001b[39m\n\u001b[36m>\u001b[39m\n  \u001b[0mPending\u001b[0m\n\u001b[36m</div>\u001b[39m\n\nIgnored nodes: comments, script, style\n\u001b[36m<div\u001b[39m\n  \u001b[33mclass\u001b[39m=\u001b[32m\"jsx-d179aaf9c6071a0e flag-status\"\u001b[39m\n  \u001b[33mstyle\u001b[39m=\u001b[32m\"color: var(--color-danger);\"\u001b[39m\n\u001b[36m>\u001b[39m\n  \u001b[0mpending\u001b[0m\n\u001b[36m</div>\u001b[39m\n\nIgnored nodes: comments, script, style\n\u001b[36m<div\u001b[39m\n  \u001b[33mclass\u001b[39m=\u001b[32m\"jsx-d179aaf9c6071a0e flag-status\"\u001b[39m\n  \u001b[33mstyle\u001b[39m=\u001b[32m\"color: var(--color-danger);\"\u001b[39m\n\u001b[36m>\u001b[39m\n  \u001b[0mpending\u001b[0m\n\u001b[36m</div>\u001b[39m\n\n(If this is intentional, then use the `*AllBy*` variant of the query (like `queryAllByText`, `getAllByText`, or `findAllByText`)).\n\nIgnored nodes: comments, script, style\n\u001b[36m<body>\u001b[39m\n  \u001b[36m<div>\u001b[39m\n    \u001b[36m<div\u001b[39m\n      \u001b[33maria-label\u001b[39m=\u001b[32m\"Flag Radar\"\u001b[39m\n      \u001b[33mclass\u001b[39m=\u001b[32m\"jsx-d179aaf9c6071a0e flag-radar \"\u001b[39m\n      \u001b[33mrole\u001b[39m=\u001b[32m\"region\"\u001b[39m\n    \u001b[36m>\u001b[39m\n      \u001b[36m<div\u001b[39m\n        \u001b[33mclass\u001b[39m=\u001b[32m\"jsx-d179aaf9c6071a0e stats-overview\"\u001b[39m\n      \u001b[36m>\u001b[39m\n        \u001b[36m<h2\u001b[39m\n          \u001b[33mclass\u001b[39m=\u001b[32m\"jsx-d179aaf9c6071a0e stats-title\"\u001b[39m\n        \u001b[36m>\u001b[39m\n          \u001b[0mFlag Distribution\u001b[0m\n        \u001b[36m</h2>\u001b[39m\n        \u001b[36m<div\u001b[39m\n          \u001b[33mclass\u001b[39m=\u001b[32m\"jsx-d179aaf9c6071a0e stats-grid\"\u001b[39m\n        \u001b[36m>\u001b[39m\n          \u001b[36m<div\u001b[39m\n            \u001b[33mclass\u001b[39m=\u001b[32m\"jsx-d179aaf9c6071a0e stat-card\"\u001b[39m\n          \u001b[36m>\u001b[39m\n            \u001b[36m<div\u001b[39m\n              \u001b[33mclass\u001b[39m=\u001b[32m\"jsx-d179aaf9c6071a0e stat-value\"\u001b[39m\n            \u001b[36m>\u001b[39m\n              \u001b[0m4\u001b[0m\n            \u001b[36m</div>\u001b[39m\n            \u001b[36m<div\u001b[39m\n              \u001b[33mclass\u001b[39m=\u001b[32m\"jsx-d179aaf9c6071a0e stat-label\"\u001b[39m\n            \u001b[36m>\u001b[39m\n              \u001b[0mTotal Flags\u001b[0m\n            \u001b[36m</div>\u001b[39m\n          \u001b[36m</div>\u001b[39m\n          \u001b[36m<div\u001b[39m\n            \u001b[33mclass\u001b[39m=\u001b[32m\"jsx-d179aaf9c6071a0e stat-card pending\"\u001b[39m\n          \u001b[36m>\u001b[39m\n            \u001b[36m<div\u001b[39m\n              \u001b[33mclass\u001b[39m=\u001b[32m\"jsx-d179aaf9c6071a0e stat-value\"\u001b[39m\n            \u001b[36m>\u001b[39m\n              \u001b[0m2\u001b[0m\n            \u001b[36m</div>\u001b[39m\n            \u001b[36m<div\u001b[39m\n              \u001b[33mclass\u001b[39m=\u001b[32m\"jsx-d179aaf9c6071a0e stat-label\"\u001b[39m\n            \u001b[36m>\u001b[39m\n              \u001b[0mPending\u001b[0m\n            \u001b[36m</div>\u001b[39m\n          \u001b[36m</div>\u001b[39m\n          \u001b[36m<div\u001b[39m\n            \u001b[33mclass\u001b[39m=\u001b[32m\"jsx-d179aaf9c6071a0e stat-card resolved\"\u001b[39m\n          \u001b[36m>\u001b[39m\n            \u001b[36m<div\u001b[39m\n              \u001b[33mclass\u001b[39m=\u001b[32m\"jsx-d179aaf9c6071a0e stat-value\"\u001b[39m\n            \u001b[36m>\u001b[39m\n              \u001b[0m1\u001b[0m\n            \u001b[36m</div>\u001b[39m\n            \u001b[36m<div\u001b[39m\n              \u001b[33mclass\u001b[39m=\u001b[32m\"jsx-d179aaf9c6071a0e stat-label\"\u001b[39m\n            \u001b[36m>\u001b[39m\n              \u001b[0mResolved\u001b[0m\n            \u001b[36m</div>\u001b[39m\n          \u001b[36m</div>\u001b[39m\n          \u001b[36m<div\u001b[39m\n            \u001b[33mclass\u001b[39m=\u001b[32m\"jsx-d179aaf9c6071a0e stat-card dismissed\"\u001b[39m\n          \u001b[36m>\u001b[39m\n            \u001b[36m<div\u001b[39m\n              \u001b[33mclass\u001b[39m=\u001b[32m\"jsx-d179aaf9c6071a0e stat-value\"\u001b[39m\n            \u001b[36m>\u001b[39m\n              \u001b[0m1\u001b[0m\n            \u001b[36m</div>\u001b[39m\n            \u001b[36m<div\u001b[39m\n              \u001b[33mclass\u001b[39m=\u001b[32m\"jsx-d179aaf9c6071a0e stat-label\"\u001b[39m\n            \u001b[36m>\u001b[39m\n              \u001b[0mDismissed\u001b[0m\n            \u001b[36m</div>\u001b[39m\n          \u001b[36m</div>\u001b[39m\n        \u001b[36m</div>\u001b[39m\n      \u001b[36m</div>\u001b[39m\n      \u001b[36m<div\u001b[39m\n        \u001b[33mclass\u001b[39m=\u001b[32m\"jsx-d179aaf9c6071a0e filters-section\"\u001b[39m\n      \u001b[36m>\u001b[39m\n        \u001b[36m<h3\u001b[39m\n          \u001b[33mclass\u001b[39m=\u001b[32m\"jsx-d179aaf9c6071a0e filter-title\"\u001b[39m\n        \u001b[36m>\u001b[39m\n          \u001b[0mFilter by Severity\u001b[0m\n        \u001b[36m</h3>\u001b[39m\n        \u001b[36m<div\u001b[39m\n          \u001b[33maria-label\u001b[39m=\u001b[32m\"Severity filters\"\u001b[39m\n          \u001b[33mclass\u001b[39m=\u001b[32m\"jsx-d179aaf9c6071a0e severity-filters\"\u001b[39m\n          \u001b[33mrole\u001b[39m=\u001b[32m\"group\"\u001b[39m\n        \u001b[36m>\u001b[39m\n          \u001b[36m<button\u001b[39m\n            \u001b[33maria-pressed\u001b[39m=\u001b[32m\"true\"\u001b[39m\n            \u001b[33mclass\u001b[39m=\u001b[32m\"jsx-d179aaf9c6071a0e severity-button active\"\u001b[39m\n          \u001b[36m>\u001b[39m\n            \u001b[36m<span\u001b[39m\n              \u001b[33mclass\u001b[39m=\u001b[32m\"jsx-d179aaf9c6071a0e severity-label\"\u001b[39m\n            \u001b[36m>\u001b[39m\n              \u001b[0mAll\u001b[0m\n            \u001b[36m</span>\u001b[39m\n            \u001b[36m<span\u001b[39m\n              \u001b[33mclass\u001b[39m=\u001b[32m\"jsx-d179aaf9c6071a0e severity-count\"\u001b[39m\n            \u001b[36m>\u001b[39m\n              \u001b[0m(\u001b[0m\n              \u001b[0m4\u001b[0m\n              \u001b[0m)\u001b[0m\n            \u001b[36m</span>\u001b[39m\n          \u001b[36m</button>\u001b[39m\n          \u001b[36m<button\u001b[39m\n            \u001b[33maria-pressed\u001b[39m=\u001b[32m\"false\"\u001b[39m\n            \u001b[33mclass\u001b[39m=\u001b[32m\"jsx-d179aaf9c6071a0e severity-button \"\u001b[39m\n            \u001b[33mstyle\u001b[39m=\u001b[32m\"border-color: var(--color-info); background-color: transparent; color: var(--color-info);\"\u001b[39m\n          \u001b[36m>\u001b[39m\n            \u001b[36m<span\u001b[39m\n              \u001b[33mclass\u001b[39m=\u001b[32m\"jsx-d179aaf9c6071a0e severity-label\"\u001b[39m\n            \u001b[36m>\u001b[39m\n              \u001b[0m1\u001b[0m\n            \u001b[36m</span>\u001b[39m\n            \u001b[36m<span\u001b[39m\n              \u001b[33mclass\u001b[39m=\u001b[32m\"jsx-d179aaf9c6071a0e severity-count\"\u001b[39m\n            \u001b[36m>\u001b[39m\n              \u001b[0m(\u001b[0m\n              \u001b[0m0\u001b[0m\n              \u001b[0m)\u001b[0m\n            \u001b[36m</span>\u001b[39m\n          \u001b[36m</button>\u001b[39m\n          \u001b[36m<button\u001b[39m\n            \u001b[33maria-pressed\u001b[39m=\u001b[32m\"false\"\u001b[39m\n            \u001b[33mclass\u001b[39m=\u001b[32m\"jsx-d179aaf9c6071a0e severity-button \"\u001b[39m\n            \u001b[33mstyle\u001b[39m=\u001b[32m\"border-color: var(--color-info); background-color: transparent; color: var(--color-info);\"\u001b[39m\n          \u001b[36m>\u001b[39m\n            \u001b[36m<span\u001b[39m\n              \u001b[33mclass\u001b[39m=\u001b[32m\"jsx-d179aaf9c6071a0e severity-label\"\u001b[39m\n            \u001b[36m>\u001b[39m\n              \u001b[0m2\u001b[0m\n            \u001b[36m</span>\u001b[39m\n            \u001b[36m<span\u001b[39m\n              \u001b[33mclass\u001b[39m=\u001b[32m\"jsx-d179aaf9c6071a0e severity-count\"\u001b[39m\n            \u001b[36m>\u001b[39m\n              \u001b[0m(\u001b[0m\n              \u001b[0m0\u001b[0m\n              \u001b[0m)\u001b[0m\n            \u001b[36m</span>\u001b[39m\n          \u001b[36m</button>\u001b[39m\n          \u001b[36m<button\u001b[39m\n            \u001b[33maria-pressed\u001b[39m=\u001b[32m\"false\"\u001b[39m\n            \u001b[33mclass\u001b[39m=\u001b[32m\"jsx-d179aaf9c6071a0e severity-button \"\u001b[39m\n            \u001b[33mstyle\u001b[39m=\u001b[32m\"border-color: var(--color-warning); background-color: transparent; color: var(--color-warning);\"\u001b[39m\n          \u001b[36m>\u001b[39m\n            \u001b[36m<span\u001b[39m\n              \u001b[33mclass\u001b[39m=\u001b[32m\"jsx-d179aaf9c6071a0e severity-label\"\u001b[39m\n            \u001b[36m>\u001b[39m\n              \u001b[0m3\u001b[0m\n            \u001b[36m</span>\u001b[39m\n            \u001b[36m<span\u001b[39m\n              \u001b[33mclass\u001b[39m=\u001b[32m\"jsx-d179aaf9c6071a0e severity-count\"\u001b[39m\n            \u001b[36m>\u001b[39m\n              \u001b[0m(\u001b[0m\n              \u001b[0m4\u001b[0m\n              \u001b[0m)\u001b[0m\n            \u001b[36m</span>\u001b[39m\n          \u001b[36m</button>\u001b[39m\n          \u001b[36m<button\u001b[39m\n            \u001b[33maria-pressed\u001b[39m=\u001b[32m\"false\"\u001b[39m\n            \u001b[33mclass\u001b[39m=\u001b[32m\"jsx-d179aaf9c6071a0e severity-button \"\u001b[39m\n            \u001b[33mstyle\u001b[39m=\u001b[32m\"border-color: var(--color-danger); background-color: transparent; color: var(--color-danger);\"\u001b[39m\n          \u001b[36m>\u001b[39m\n            \u001b[36m<span\u001b[39m\n              \u001b[33mclass\u001b[39m=\u001b[32m\"jsx-d179aaf9c6071a0e severity-label\"\u001b[39m\n            \u001b[36m>\u001b[39m\n              \u001b[0m4\u001b[0m\n            \u001b[36m</span>\u001b[39m\n            \u001b[36m<span\u001b[39m\n              \u001b[33mclass\u001b[39m=\u001b[32m\"jsx-d179aaf9c6071a0e severity-count\"\u001b[39m\n            \u001b[36m>\u001b[39m\n              \u001b[0m(\u001b[0m\n              \u001b[0m0\u001b[0m\n              \u001b[0m)\u001b[0m\n            \u001b[36m</span>\u001b[39m\n          \u001b[36m</button>\u001b[39m\n          \u001b[36m<button\u001b[39m\n            \u001b[33maria-pressed\u001b[39m=\u001b[32m\"false\"\u001b[39m\n            \u001b[33mclass\u001b[39m=\u001b[32m\"jsx-d179aaf9c6071a0e severity-button \"\u001b[39m\n            \u001b[33mstyle\u001b[39m=\u001b[32m\"border-color: var(--color-danger); background-color: transparent; color: var(--color-danger);\"\u001b[39m\n          \u001b[36m>\u001b[39m\n            \u001b[36m<span\u001b[39m\n              \u001b[33mclass\u001b[39m=\u001b[32m\"jsx-d179aaf9c6071a0e severity-label\"\u001b[39m\n            \u001b[36m>\u001b[39m\n              \u001b[0m5\u001b[0m\n            \u001b[36m</span>\u001b[39m\n            \u001b[36m<span\u001b[39m\n              \u001b[33mclass\u001b[39m=\u001b[32m\"jsx-d179aaf9c6071a0e severity-count\"\u001b[39m\n            \u001b[36m>\u001b[39m\n              \u001b[0m(\u001b[0m\n              \u001b[0m0\u001b[0m\n              \u001b[0m)\u001b[0m\n            \u001b[36m</span>\u001b[39m\n          \u001b[36m</button>\u001b[39m\n        \u001b[36m</div>\u001b[39m\n      \u001b[36m</div>\u001b[39m\n      \u001b[36m<div\u001b[39m\n        \u001b[33mclass\u001b[39m=\u001b[32m\"jsx-d179aaf9c6071a0e filters-section\"\u001b[39m\n      \u001b[36m>\u001b[39m\n        \u001b[36m<h3\u001b[39m\n          \u001b[33mclass\u001b[39m=\u001b[32m\"jsx-d179aaf9c6071a0e filter-title\"\u001b[39m\n        \u001b[36m>\u001b[39m\n          \u001b[0mFilter by Type\u001b[0m\n        \u001b[36m</h3>\u001b[39m\n        \u001b[36m<div\u001b[39m\n          \u001b[33maria-label\u001b[39m=\u001b[32m\"Manipulation type filters\"\u001b[39m\n          \u001b[33mclass\u001b[39m=\u001b[32m\"jsx-d179aaf9c6071a0e type-filters\"\u001b[39m\n          \u001b[33mrole\u001b[39m=\u001b[32m\"group\"\u001b[39m\n        \u001b[36m>\u001b[39m\n          \u001b[36m<button\u001b[39m\n            \u001b[33maria-pressed\u001b[39m=\u001b[32m\"false\"\u001b[39m\n            \u001b[33mclass\u001b[39m=\u001b[32m\"jsx-d179aaf9c6071a0e type-button \"\u001b[39m\n          \u001b[36m>\u001b[39m\n            \u001b[36m<span\u001b[39m\n              \u001b[33mclass\u001b[39m=\u001b[32m\"jsx-d179aaf9c6071a0e type-label\"\u001b[39m\n            \u001b[36m>\u001b[39m\n              \u001b[0mgaslighting\u001b[0m\n            \u001b[36m</span>\u001b[39m\n            \u001b[36m<span\u001b[39m\n              \u001b[33mclass\u001b[39m=\u001b[32m\"jsx-d179aaf9c6071a0e type-count\"\u001b[39m\n            \u001b[36m>\u001b[39m\n              \u001b[0m(\u001b[0m\n              \u001b[0m4\u001b[0m\n              \u001b[0m)\u001b[0m\n            \u001b[36m</span>\u001b[39m\n          \u001b[36m</button>\u001b[39m\n        \u001b[36m</div>\u001b[39m\n      \u001b[36m</div>\u001b[39m\n      \u001b[36m<div\u001b[39m\n        \u001b[33mclass\u001b[39m=\u001b[32m\"jsx-d179aaf9c6071a0e flags-section\"\u001b[39m\n      \u001b[36m>\u001b[39m\n        \u001b[36m<div\u001b[39m\n          \u001b[33mclass\u001b[39m=\u001b[32m\"jsx-d179aaf9c6071a0e flags-header\"\u001b[39m\n        \u001b[36m>\u001b[39m\n          \u001b[36m<h3\u001b[39m\n            \u001b[33mclass\u001b[39m=\u001b[32m\"jsx-d179aaf9c6071a0e flags-title\"\u001b[39m\n          \u001b[36m>\u001b[39m\n            \u001b[0mAll Flags (4)\u001b[0m\n          \u001b[36m</h3>\u001b[39m\n        \u001b[36m</div>\u001b[39m\n        \u001b[36m<ul\u001b[39m\n          \u001b[33mclass\u001b[39m=\u001b[32m\"jsx-d179aaf9c6071a0e flags-list\"\u001b[39m\n          \u001b[33mrole\u001b[39m=\u001b[32m\"list\"\u001b[39m\n        \u001b[36m>\u001b[39m\n          \u001b[36m<li\u001b[39m\n            \u001b[33mclass\u001b[39m=\u001b[32m\"jsx-d179aaf9c6071a0e flag-item\"\u001b[39m\n          \u001b[36m>\u001b[39m\n            \u001b[36m<button\u001b[39m\n              \u001b[33maria-label\u001b[39m=\u001b[32m\"Flag: Test manipulation text, severity 3, status pending\"\u001b[39m\n              \u001b[33mclass\u001b[39m=\u001b[32m\"jsx-d179aaf9c6071a0e flag-button\"\u001b[39m\n            \u001b[36m>\u001b[39m\n              \u001b[36m<div\u001b[39m\n                \u001b[33mclass\u001b[39m=\u001b[32m\"jsx-d179aaf9c6071a0e flag-header\"\u001b[39m\n              \u001b[36m>\u001b[39m\n                \u001b[36m<div\u001b[39m\n                  \u001b[33maria-label\u001b[39m=\u001b[32m\"Severity 3\"\u001b[39m\n                  \u001b[33mclass\u001b[39m=\u001b[32m\"jsx-d179aaf9c6071a0e flag-severity\"\u001b[39m\n                  \u001b[33mstyle\u001b[39m=\u001b[32m\"background-color: var(--color-warning);\"\u001b[39m\n                \u001b[36m>\u001b[39m\n                  \u001b[0m3\u001b[0m\n                \u001b[36m</div>\u001b[39m\n                \u001b[36m<span\u001b[39m\n                  \u001b[33mclass\u001b[39m=\u001b[32m\"jsx-d179aaf9c6071a0e sr-only\"\u001b[39m\n                \u001b[36m>\u001b[39m\n                  \u001b[0mSeverity: \u001b[0m\n                  \u001b[0m3\u001b[0m\n                \u001b[36m</span>\u001b[39m\n                \u001b[36m<div\u001b[39m\n                  \u001b[33mclass\u001b[39m=\u001b[32m\"jsx-d179aaf9c6071a0e flag-status\"\u001b[39m\n                  \u001b[33mstyle\u001b[39m=\u001b[32m\"color: var(--color-danger);\"\u001b[39m\n                \u001b[36m>\u001b[39m\n                  \u001b[0mpending\u001b[0m\n                \u001b[36m</div>\u001b[39m\n                \u001b[36m<div\u001b[39m\n                  \u001b[33mclass\u001b[39m=\u001b[32m\"jsx-d179aaf9c6071a0e flag-time\"\u001b[39m\n                \u001b[36m>\u001b[39m\n                  \u001b[0m1 hour ago\u001b[0m\n                \u001b[36m</div>\u001b[39m\n              \u001b[36m</div>\u001b[39m\n              \u001b[36m<div\u001b[39m\n                \u001b[33mclass\u001b[39m=\u001b[32m\"jsx-d179aaf9c6071a0e flag-text\"\u001b[39m\n              \u001b[36m>\u001b[39m\n                \u001b[0mTest manipulation text\u001b[0m\n              \u001b[36m</div>\u001b[39m\n              \u001b[36m<div\u001b[39m\n                \u001b[33mclass\u001b[39m=\u001b[32m\"jsx-d179aaf9c6071a0e flag-type\"\u001b[39m\n              \u001b[36m>\u001b[39m\n                \u001b[0mgaslighting\u001b[0m\n              \u001b[36m</div>\u001b[39m\n            \u001b[36m</button>\u001b[39m\n          \u001b[36m</li>\u001b[39m\n          \u001b[36m<li\u001b[39m\n            \u001b[33mclass\u001b[39m=\u001b[32m\"jsx-d179aaf9c6071a0e flag-item\"\u001b[39m\n          \u001b[36m>\u001b[39m\n            \u001b[36m<button\u001b[39m\n              \u001b[33maria-label\u001b[39m=\u001b[32m\"Flag: Test manipulation text, severity 3, status pending\"\u001b[39m\n              \u001b[33mclass\u001b[39m=\u001b[32m\"jsx-d179aaf9c6071a0e flag-button\"\u001b[39m\n            \u001b[36m>\u001b[39m\n              \u001b[36m<div\u001b[39m\n                \u001b[33mclass\u001b[39m=\u001b[32m\"jsx-d179aaf9c6071a0e flag-header\"\u001b[39m\n              \u001b[36m>\u001b[39m\n                \u001b[36m<div\u001b[39m\n                  \u001b[33maria-label\u001b[39m=\u001b[32m\"Severity 3\"\u001b[39m\n                  \u001b[33mclass\u001b[39m=\u001b[32m\"jsx-d179aaf9c6071a0e flag-severity\"\u001b[39m\n                  \u001b[33mstyle\u001b[39m=\u001b[32m\"background-color: var(--color-warning);\"\u001b[39m\n                \u001b[36m>\u001b[39m\n                  \u001b[0m3\u001b[0m\n                \u001b[36m</div>\u001b[39m\n                \u001b[36m<span\u001b[39m\n                  \u001b[33mclass\u001b[39m=\u001b[32m\"jsx-d179aaf9c6071a0e sr-only\"\u001b[39m\n                \u001b[36m>\u001b[39m\n                  \u001b[0mSeverity: \u001b[0m\n                  \u001b[0m3\u001b[0m\n                \u001b[36m</span>\u001b[39m\n                \u001b[36m<div\u001b[39m\n                  \u001b[33mclass\u001b[39m=\u001b[32m\"jsx-d179aaf9c6071a0e flag-status\"\u001b[39m\n                  \u001b[33mstyle\u001b[39m=\u001b[32m\"color: var(--color-danger);\"\u001b[39m\n                \u001b[36m>\u001b[39m\n                  \u001b[0mpending\u001b[0m\n                \u001b[36m</div>\u001b[39m\n                \u001b[36m<div\u001b[39m\n                  \u001b[33mclass\u001b[39m=\u001b[32m\"jsx-d179aaf9c6071a0e flag-time\"\u001b[39m\n                \u001b[36m>\u001b[39m\n                  \u001b[0m1 hour ago\u001b[0m\n                \u001b[36m</div>\u001b[39m\n              \u001b[36m</div>\u001b[39m\n              \u001b[36m<div\u001b[39m\n                \u001b[33mclass\u001b[39m=\u001b[32m\"jsx-d179aaf9c6071a0e flag-text\"\u001b[39m\n              \u001b[36m>\u001b[39m\n                \u001b[0mTest manipulation text\u001b[0m\n              \u001b[36m</div>\u001b[39m\n              \u001b[36m<div\u001b[39m\n                \u001b[33mclass\u001b[39m=\u001b[32m\"jsx-d179aaf9c6071a0e flag-type\"\u001b[39m\n              \u001b[36m>\u001b[39m\n                \u001b[0mgaslighting\u001b[0m\n              \u001b[36m</div>\u001b[39m\n            \u001b[36m</button>\u001b[39m\n          \u001b[36m</li>\u001b[39m\n          \u001b[36m<li\u001b[39m\n            \u001b[33mclass\u001b[39m=\u001b[32m\"jsx-d179aaf9c6071a0e flag-item\"\u001b[39m\n          \u001b[36m>\u001b[39m\n            \u001b[36m<button\u001b[39m\n              \u001b[33maria-label\u001b[39m=\u001b[32m\"Flag: Test manipulation text, severity 3, status resolved\"\u001b[39m\n              \u001b[33mclass\u001b[39m=\u001b[32m\"jsx-d179aaf9c6071a0e flag-button\"\u001b[39m\n            \u001b[36m>\u001b[39m\n              \u001b[36m<div\u001b[39m\n                \u001b[33mclass\u001b[39m=\u001b[32m\"jsx-d179aaf9c6071a0e flag-header\"\u001b[39m\n              \u001b[36m>\u001b[39m\n                \u001b[36m<div\u001b[39m\n                  \u001b[33maria-label\u001b[39m=\u001b[32m\"Severity 3\"\u001b[39m\n                  \u001b[33mclass\u001b[39m=\u001b[32m\"jsx-d179aaf9c6071a0e flag-severity\"\u001b[39m\n                  \u001b[33mstyle\u001b[39m=\u001b[32m\"background-color: var(--color-warning);\"\u001b[39m\n                \u001b[36m>\u001b[39m\n                  \u001b[0m3\u001b[0m\n                \u001b[36m</div>\u001b[39m\n                \u001b[36m<span\u001b[39m\n                  \u001b[33mclass\u001b[39m=\u001b[32m\"jsx-d179aaf9c6071a0e sr-only\"\u001b[39m\n                \u001b[36m>\u001b[39m\n                  \u001b[0mSeverity: \u001b[0m\n                  \u001b[0m3\u001b[0m\n                \u001b[36m</span>\u001b[39m\n                \u001b[36m<div\u001b[39m\n                  \u001b[33mclass\u001b[39m=\u001b[32m\"jsx-d179aaf9c6071a0e flag-status\"\u001b[39m\n                  \u001b[33mstyle\u001b[39m=\u001b[32m\"color: var(--color-success);\"\u001b[39m\n                \u001b[36m>\u001b[39m\n                  \u001b[0mresolved\u001b[0m\n                \u001b[36m</div>\u001b[39m\n                \u001b[36m<div\u001b[39m\n                  \u001b[33mclass\u001b[39m=\u001b[32m\"jsx-d179aaf9c6071a0e flag-time\"\u001b[39m\n                \u001b[36m>\u001b[39m\n                  \u001b[0m1 hour ago\u001b[0m\n                \u001b[36m</div>\u001b[39m\n              \u001b[36m</div>\u001b[39m\n              \u001b[36m<div\u001b[39m\n                \u001b[33mclass\u001b[39m=\u001b[32m\"jsx-d179aaf9c6071a0e flag-text\"\u001b[39m\n              \u001b[36m>\u001b[39m\n                \u001b[0mTest manipulation text\u001b[0m\n              \u001b[36m</div>\u001b[39m\n              \u001b[36m<div\u001b[39m\n                \u001b[33mclass\u001b[39m=\u001b[32m\"jsx-d179aaf9c6071a0e flag-type\"\u001b[39m\n              \u001b[36m>\u001b[39m\n                \u001b[0mgaslighting\u001b[0m\n              \u001b[36m</div>\u001b[39m\n            \u001b[36m</button>\u001b[39m\n          \u001b[36m</li>\u001b[39m\n          \u001b[36m<li\u001b[39m\n            \u001b[33mclass\u001b[39m=\u001b[32m\"jsx-d179aaf9c6071a0e flag-item\"\u001b[39m\n          \u001b[36m>\u001b[39m\n            \u001b[36m<button\u001b[39m\n              \u001b[33maria-label\u001b[39m=\u001b[32m\"Flag: Test manipulation text, severity 3, status dismissed\"\u001b[39m\n              \u001b[33mclass\u001b[39m=\u001b[32m\"jsx-d179aaf9c6071a0e flag-button\"\u001b[39m\n            \u001b[36m>\u001b[39m\n              \u001b[36m<div\u001b[39m\n                \u001b[33mclass\u001b[39m=\u001b[32m\"jsx-d179aaf9c6071a0e flag-header\"\u001b[39m\n              \u001b[36m>\u001b[39m\n                \u001b[36m<div\u001b[39m\n                  \u001b[33maria-label\u001b[39m=\u001b[32m\"Severity 3\"\u001b[39m\n                  \u001b[33mclass\u001b[39m=\u001b[32m\"jsx-d179aaf9c6071a0e flag-severity\"\u001b[39m\n                  \u001b[33mstyle\u001b[39m=\u001b[32m\"background-color: var(--color-warning);\"\u001b[39m\n                \u001b[36m>\u001b[39m\n                  \u001b[0m3\u001b[0m\n                \u001b[36m</div>\u001b[39m\n                \u001b[36m<span\u001b[39m\n                  \u001b[33mclass\u001b[39m=\u001b[32m\"jsx-d179aaf9c6071a0e sr-only\"\u001b[39m\n                \u001b[36m>\u001b[39m\n                  \u001b[0mSeverity: \u001b[0m\n                  \u001b[0m3\u001b[0m\n                \u001b[36m</span>\u001b[39m\n                \u001b[36m<div\u001b[39m\n                  \u001b[33mclass\u001b[39m=\u001b[32m\"jsx-d179aaf9c6071a0e flag-status\"\u001b[39m\n                  \u001b[33mstyle\u001b[39m=\u001b[32m\"color: var(--color-text-muted);\"\u001b[39m\n                \u001b[36m>\u001b[39m\n                  \u001b[0mdismissed\u001b[0m\n                \u001b[36m</div>\u001b[39m\n                \u001b[36m<div\u001b[39m\n                  \u001b[33mclass\u001b[39m=\u001b[32m\"jsx-d179aaf9c6071a0e flag-time\"\u001b[39m\n                \u001b[36m>\u001b[39m\n                  \u001b[0m1 hour ago\u001b[0m\n                \u001b[36m</div>\u001b[39m\n              \u001b[36m</div>\u001b[39m\n              \u001b[36m<div\u001b[39m\n                \u001b[33mclass\u001b[39m=\u001b[32m\"jsx-d179aaf9c6071a0e flag-text\"\u001b[39m\n              \u001b[36m>\u001b[39m\n                \u001b[0mTest manipulation text\u001b[0m\n              \u001b[36m</div>\u001b[39m\n              \u001b[36m<div\u001b[39m\n                \u001b[33mclass\u001b[39m=\u001b[32m\"jsx-d179aaf9c6071a0e flag-type\"\u001b[39m\n              \u001b[36m>\u001b[39m\n                \u001b[0mgaslighting\u001b[0m\n              \u001b[36m</div>\u001b[39m\n            \u001b[36m</button>\u001b[39m\n          \u001b[36m</li>\u001b[39m\n        \u001b[36m</ul>\u001b[39m\n      \u001b[36m</div>\u001b[39m\n    \u001b[36m</div>\u001b[39m\n  \u001b[36m</div>\u001b[39m\n\u001b[36m</body>\u001b[39m\n    at waitForWrapper (/Users/jamesbrady/wrath-shield-v3/node_modules/@testing-library/dom/dist/wait-for.js:163:27)\n    at Object.<anonymous> (/Users/jamesbrady/wrath-shield-v3/__tests__/components/power/FlagRadar.test.tsx:125:20)\n    at Promise.finally.completed (/Users/jamesbrady/wrath-shield-v3/node_modules/jest-circus/build/jestAdapterInit.js:1557:28)\n    at new Promise (<anonymous>)\n    at callAsyncCircusFn (/Users/jamesbrady/wrath-shield-v3/node_modules/jest-circus/build/jestAdapterInit.js:1497:10)\n    at _callCircusTest (/Users/jamesbrady/wrath-shield-v3/node_modules/jest-circus/build/jestAdapterInit.js:1007:40)\n    at _runTest (/Users/jamesbrady/wrath-shield-v3/node_modules/jest-circus/build/jestAdapterInit.js:947:3)\n    at /Users/jamesbrady/wrath-shield-v3/node_modules/jest-circus/build/jestAdapterInit.js:849:7\n    at _runTestsForDescribeBlock (/Users/jamesbrady/wrath-shield-v3/node_modules/jest-circus/build/jestAdapterInit.js:862:11)\n    at _runTestsForDescribeBlock (/Users/jamesbrady/wrath-shield-v3/node_modules/jest-circus/build/jestAdapterInit.js:857:11)\n    at _runTestsForDescribeBlock (/Users/jamesbrady/wrath-shield-v3/node_modules/jest-circus/build/jestAdapterInit.js:857:11)\n    at run (/Users/jamesbrady/wrath-shield-v3/node_modules/jest-circus/build/jestAdapterInit.js:761:3)\n    at runAndTransformResultsToJestFormat (/Users/jamesbrady/wrath-shield-v3/node_modules/jest-circus/build/jestAdapterInit.js:1918:21)\n    at jestAdapter (/Users/jamesbrady/wrath-shield-v3/node_modules/jest-circus/build/runner.js:101:19)\n    at runTestInternal (/Users/jamesbrady/wrath-shield-v3/node_modules/jest-runner/build/index.js:275:16)\n    at runTest (/Users/jamesbrady/wrath-shield-v3/node_modules/jest-runner/build/index.js:343:7)"],"fullName":"FlagRadar Component Statistics Calculation should calculate status counts correctly","invocations":1,"location":null,"numPassingAsserts":0,"retryReasons":[],"startAt":1761669674838,"status":"failed","title":"should calculate status counts correctly"},{"ancestorTitles":["FlagRadar Component","Statistics Calculation"],"duration":34,"failing":false,"failureDetails":[],"failureMessages":[],"fullName":"FlagRadar Component Statistics Calculation should calculate severity distribution correctly","invocations":1,"location":null,"numPassingAsserts":2,"retryReasons":[],"startAt":1761669675841,"status":"passed","title":"should calculate severity distribution correctly"},{"ancestorTitles":["FlagRadar Component","Statistics Calculation"],"duration":17,"failing":false,"failureDetails":[],"failureMessages":[],"fullName":"FlagRadar Component Statistics Calculation should calculate manipulation type distribution","invocations":1,"location":null,"numPassingAsserts":2,"retryReasons":[],"startAt":1761669675875,"status":"passed","title":"should calculate manipulation type distribution"},{"ancestorTitles":["FlagRadar Component","Severity Color Coding"],"duration":8,"failing":false,"failureDetails":[],"failureMessages":[],"fullName":"FlagRadar Component Severity Color Coding should apply danger color for severity >= 4","invocations":1,"location":null,"numPassingAsserts":2,"retryReasons":[],"startAt":1761669675892,"status":"passed","title":"should apply danger color for severity >= 4"},{"ancestorTitles":["FlagRadar Component","Severity Color Coding"],"duration":7,"failing":false,"failureDetails":[],"failureMessages":[],"fullName":"FlagRadar Component Severity Color Coding should apply warning color for severity = 3","invocations":1,"location":null,"numPassingAsserts":1,"retryReasons":[],"startAt":1761669675900,"status":"passed","title":"should apply warning color for severity = 3"},{"ancestorTitles":["FlagRadar Component","Severity Color Coding"],"duration":6,"failing":false,"failureDetails":[],"failureMessages":[],"fullName":"FlagRadar Component Severity Color Coding should apply info color for severity < 3","invocations":1,"location":null,"numPassingAsserts":1,"retryReasons":[],"startAt":1761669675907,"status":"passed","title":"should apply info color for severity < 3"},{"ancestorTitles":["FlagRadar Component","Status Color Coding"],"duration":1004,"failing":false,"failureDetails":[{"name":"TestingLibraryElementError"}],"failureMessages":["Error: Unable to find an element with the text: Status: pending. This could be because the text is broken up by multiple elements. In this case, you can provide a function for your text matcher to make your matcher more flexible.\n\nIgnored nodes: comments, script, style\n\u001b[36m<body>\u001b[39m\n  \u001b[36m<div>\u001b[39m\n    \u001b[36m<div\u001b[39m\n      \u001b[33maria-label\u001b[39m=\u001b[32m\"Flag Radar\"\u001b[39m\n      \u001b[33mclass\u001b[39m=\u001b[32m\"jsx-d179aaf9c6071a0e flag-radar \"\u001b[39m\n      \u001b[33mrole\u001b[39m=\u001b[32m\"region\"\u001b[39m\n    \u001b[36m>\u001b[39m\n      \u001b[36m<div\u001b[39m\n        \u001b[33mclass\u001b[39m=\u001b[32m\"jsx-d179aaf9c6071a0e stats-overview\"\u001b[39m\n      \u001b[36m>\u001b[39m\n        \u001b[36m<h2\u001b[39m\n          \u001b[33mclass\u001b[39m=\u001b[32m\"jsx-d179aaf9c6071a0e stats-title\"\u001b[39m\n        \u001b[36m>\u001b[39m\n          \u001b[0mFlag Distribution\u001b[0m\n        \u001b[36m</h2>\u001b[39m\n        \u001b[36m<div\u001b[39m\n          \u001b[33mclass\u001b[39m=\u001b[32m\"jsx-d179aaf9c6071a0e stats-grid\"\u001b[39m\n        \u001b[36m>\u001b[39m\n          \u001b[36m<div\u001b[39m\n            \u001b[33mclass\u001b[39m=\u001b[32m\"jsx-d179aaf9c6071a0e stat-card\"\u001b[39m\n          \u001b[36m>\u001b[39m\n            \u001b[36m<div\u001b[39m\n              \u001b[33mclass\u001b[39m=\u001b[32m\"jsx-d179aaf9c6071a0e stat-value\"\u001b[39m\n            \u001b[36m>\u001b[39m\n              \u001b[0m1\u001b[0m\n            \u001b[36m</div>\u001b[39m\n            \u001b[36m<div\u001b[39m\n              \u001b[33mclass\u001b[39m=\u001b[32m\"jsx-d179aaf9c6071a0e stat-label\"\u001b[39m\n            \u001b[36m>\u001b[39m\n              \u001b[0mTotal Flags\u001b[0m\n            \u001b[36m</div>\u001b[39m\n          \u001b[36m</div>\u001b[39m\n          \u001b[36m<div\u001b[39m\n            \u001b[33mclass\u001b[39m=\u001b[32m\"jsx-d179aaf9c6071a0e stat-card pending\"\u001b[39m\n          \u001b[36m>\u001b[39m\n            \u001b[36m<div\u001b[39m\n              \u001b[33mclass\u001b[39m=\u001b[32m\"jsx-d179aaf9c6071a0e stat-value\"\u001b[39m\n            \u001b[36m>\u001b[39m\n              \u001b[0m1\u001b[0m\n            \u001b[36m</div>\u001b[39m\n            \u001b[36m<div\u001b[39m\n              \u001b[33mclass\u001b[39m=\u001b[32m\"jsx-d179aaf9c6071a0e stat-label\"\u001b[39m\n            \u001b[36m>\u001b[39m\n              \u001b[0mPending\u001b[0m\n            \u001b[36m</div>\u001b[39m\n          \u001b[36m</div>\u001b[39m\n          \u001b[36m<div\u001b[39m\n            \u001b[33mclass\u001b[39m=\u001b[32m\"jsx-d179aaf9c6071a0e stat-card resolved\"\u001b[39m\n          \u001b[36m>\u001b[39m\n            \u001b[36m<div\u001b[39m\n              \u001b[33mclass\u001b[39m=\u001b[32m\"jsx-d179aaf9c6071a0e stat-value\"\u001b[39m\n            \u001b[36m>\u001b[39m\n              \u001b[0m0\u001b[0m\n            \u001b[36m</div>\u001b[39m\n            \u001b[36m<div\u001b[39m\n              \u001b[33mclass\u001b[39m=\u001b[32m\"jsx-d179aaf9c6071a0e stat-label\"\u001b[39m\n            \u001b[36m>\u001b[39m\n              \u001b[0mResolved\u001b[0m\n            \u001b[36m</div>\u001b[39m\n          \u001b[36m</div>\u001b[39m\n          \u001b[36m<div\u001b[39m\n            \u001b[33mclass\u001b[39m=\u001b[32m\"jsx-d179aaf9c6071a0e stat-card dismissed\"\u001b[39m\n          \u001b[36m>\u001b[39m\n            \u001b[36m<div\u001b[39m\n              \u001b[33mclass\u001b[39m=\u001b[32m\"jsx-d179aaf9c6071a0e stat-value\"\u001b[39m\n            \u001b[36m>\u001b[39m\n              \u001b[0m0\u001b[0m\n            \u001b[36m</div>\u001b[39m\n            \u001b[36m<div\u001b[39m\n              \u001b[33mclass\u001b[39m=\u001b[32m\"jsx-d179aaf9c6071a0e stat-label\"\u001b[39m\n            \u001b[36m>\u001b[39m\n              \u001b[0mDismissed\u001b[0m\n            \u001b[36m</div>\u001b[39m\n          \u001b[36m</div>\u001b[39m\n        \u001b[36m</div>\u001b[39m\n      \u001b[36m</div>\u001b[39m\n      \u001b[36m<div\u001b[39m\n        \u001b[33mclass\u001b[39m=\u001b[32m\"jsx-d179aaf9c6071a0e filters-section\"\u001b[39m\n      \u001b[36m>\u001b[39m\n        \u001b[36m<h3\u001b[39m\n          \u001b[33mclass\u001b[39m=\u001b[32m\"jsx-d179aaf9c6071a0e filter-title\"\u001b[39m\n        \u001b[36m>\u001b[39m\n          \u001b[0mFilter by Severity\u001b[0m\n        \u001b[36m</h3>\u001b[39m\n        \u001b[36m<div\u001b[39m\n          \u001b[33maria-label\u001b[39m=\u001b[32m\"Severity filters\"\u001b[39m\n          \u001b[33mclass\u001b[39m=\u001b[32m\"jsx-d179aaf9c6071a0e severity-filters\"\u001b[39m\n          \u001b[33mrole\u001b[39m=\u001b[32m\"group\"\u001b[39m\n        \u001b[36m>\u001b[39m\n          \u001b[36m<button\u001b[39m\n            \u001b[33maria-pressed\u001b[39m=\u001b[32m\"true\"\u001b[39m\n            \u001b[33mclass\u001b[39m=\u001b[32m\"jsx-d179aaf9c6071a0e severity-button active\"\u001b[39m\n          \u001b[36m>\u001b[39m\n            \u001b[36m<span\u001b[39m\n              \u001b[33mclass\u001b[39m=\u001b[32m\"jsx-d179aaf9c6071a0e severity-label\"\u001b[39m\n            \u001b[36m>\u001b[39m\n              \u001b[0mAll\u001b[0m\n            \u001b[36m</span>\u001b[39m\n            \u001b[36m<span\u001b[39m\n              \u001b[33mclass\u001b[39m=\u001b[32m\"jsx-d179aaf9c6071a0e severity-count\"\u001b[39m\n            \u001b[36m>\u001b[39m\n              \u001b[0m(\u001b[0m\n              \u001b[0m1\u001b[0m\n              \u001b[0m)\u001b[0m\n            \u001b[36m</span>\u001b[39m\n          \u001b[36m</button>\u001b[39m\n          \u001b[36m<button\u001b[39m\n            \u001b[33maria-pressed\u001b[39m=\u001b[32m\"false\"\u001b[39m\n            \u001b[33mclass\u001b[39m=\u001b[32m\"jsx-d179aaf9c6071a0e severity-button \"\u001b[39m\n            \u001b[33mstyle\u001b[39m=\u001b[32m\"border-color: var(--color-info); background-color: transparent; color: var(--color-info);\"\u001b[39m\n          \u001b[36m>\u001b[39m\n            \u001b[36m<span\u001b[39m\n              \u001b[33mclass\u001b[39m=\u001b[32m\"jsx-d179aaf9c6071a0e severity-label\"\u001b[39m\n            \u001b[36m>\u001b[39m\n              \u001b[0m1\u001b[0m\n            \u001b[36m</span>\u001b[39m\n            \u001b[36m<span\u001b[39m\n              \u001b[33mclass\u001b[39m=\u001b[32m\"jsx-d179aaf9c6071a0e severity-count\"\u001b[39m\n            \u001b[36m>\u001b[39m\n              \u001b[0m(\u001b[0m\n              \u001b[0m0\u001b[0m\n              \u001b[0m)\u001b[0m\n            \u001b[36m</span>\u001b[39m\n          \u001b[36m</button>\u001b[39m\n          \u001b[36m<button\u001b[39m\n            \u001b[33maria-pressed\u001b[39m=\u001b[32m\"false\"\u001b[39m\n            \u001b[33mclass\u001b[39m=\u001b[32m\"jsx-d179aaf9c6071a0e severity-button \"\u001b[39m\n            \u001b[33mstyle\u001b[39m=\u001b[32m\"border-color: var(--color-info); background-color: transparent; color: var(--color-info);\"\u001b[39m\n          \u001b[36m>\u001b[39m\n            \u001b[36m<span\u001b[39m\n              \u001b[33mclass\u001b[39m=\u001b[32m\"jsx-d179aaf9c6071a0e severity-label\"\u001b[39m\n            \u001b[36m>\u001b[39m\n              \u001b[0m2\u001b[0m\n            \u001b[36m</span>\u001b[39m\n            \u001b[36m<span\u001b[39m\n              \u001b[33mclass\u001b[39m=\u001b[32m\"jsx-d179aaf9c6071a0e severity-count\"\u001b[39m\n            \u001b[36m>\u001b[39m\n              \u001b[0m(\u001b[0m\n              \u001b[0m0\u001b[0m\n              \u001b[0m)\u001b[0m\n            \u001b[36m</span>\u001b[39m\n          \u001b[36m</button>\u001b[39m\n          \u001b[36m<button\u001b[39m\n            \u001b[33maria-pressed\u001b[39m=\u001b[32m\"false\"\u001b[39m\n            \u001b[33mclass\u001b[39m=\u001b[32m\"jsx-d179aaf9c6071a0e severity-button \"\u001b[39m\n            \u001b[33mstyle\u001b[39m=\u001b[32m\"border-color: var(--color-warning); background-color: transparent; color: var(--color-warning);\"\u001b[39m\n          \u001b[36m>\u001b[39m\n            \u001b[36m<span\u001b[39m\n              \u001b[33mclass\u001b[39m=\u001b[32m\"jsx-d179aaf9c6071a0e severity-label\"\u001b[39m\n            \u001b[36m>\u001b[39m\n              \u001b[0m3\u001b[0m\n            \u001b[36m</span>\u001b[39m\n            \u001b[36m<span\u001b[39m\n              \u001b[33mclass\u001b[39m=\u001b[32m\"jsx-d179aaf9c6071a0e severity-count\"\u001b[39m\n            \u001b[36m>\u001b[39m\n              \u001b[0m(\u001b[0m\n              \u001b[0m1\u001b[0m\n              \u001b[0m)\u001b[0m\n            \u001b[36m</span>\u001b[39m\n          \u001b[36m</button>\u001b[39m\n          \u001b[36m<button\u001b[39m\n            \u001b[33maria-pressed\u001b[39m=\u001b[32m\"false\"\u001b[39m\n            \u001b[33mclass\u001b[39m=\u001b[32m\"jsx-d179aaf9c6071a0e severity-button \"\u001b[39m\n            \u001b[33mstyle\u001b[39m=\u001b[32m\"border-color: var(--color-danger); background-color: transparent; color: var(--color-danger);\"\u001b[39m\n          \u001b[36m>\u001b[39m\n            \u001b[36m<span\u001b[39m\n              \u001b[33mclass\u001b[39m=\u001b[32m\"jsx-d179aaf9c6071a0e severity-label\"\u001b[39m\n            \u001b[36m>\u001b[39m\n              \u001b[0m4\u001b[0m\n            \u001b[36m</span>\u001b[39m\n            \u001b[36m<span\u001b[39m\n              \u001b[33mclass\u001b[39m=\u001b[32m\"jsx-d179aaf9c6071a0e severity-count\"\u001b[39m\n            \u001b[36m>\u001b[39m\n              \u001b[0m(\u001b[0m\n              \u001b[0m0\u001b[0m\n              \u001b[0m)\u001b[0m\n            \u001b[36m</span>\u001b[39m\n          \u001b[36m</button>\u001b[39m\n          \u001b[36m<button\u001b[39m\n            \u001b[33maria-pressed\u001b[39m=\u001b[32m\"false\"\u001b[39m\n            \u001b[33mclass\u001b[39m=\u001b[32m\"jsx-d179aaf9c6071a0e severity-button \"\u001b[39m\n            \u001b[33mstyle\u001b[39m=\u001b[32m\"border-color: var(--color-danger); background-color: transparent; color: var(--color-danger);\"\u001b[39m\n          \u001b[36m>\u001b[39m\n            \u001b[36m<span\u001b[39m\n              \u001b[33mclass\u001b[39m=\u001b[32m\"jsx-d179aaf9c6071a0e severity-label\"\u001b[39m\n            \u001b[36m>\u001b[39m\n              \u001b[0m5\u001b[0m\n            \u001b[36m</span>\u001b[39m\n            \u001b[36m<span\u001b[39m\n              \u001b[33mclass\u001b[39m=\u001b[32m\"jsx-d179aaf9c6071a0e severity-count\"\u001b[39m\n            \u001b[36m>\u001b[39m\n              \u001b[0m(\u001b[0m\n              \u001b[0m0\u001b[0m\n              \u001b[0m)\u001b[0m\n            \u001b[36m</span>\u001b[39m\n          \u001b[36m</button>\u001b[39m\n        \u001b[36m</div>\u001b[39m\n      \u001b[36m</div>\u001b[39m\n      \u001b[36m<div\u001b[39m\n        \u001b[33mclass\u001b[39m=\u001b[32m\"jsx-d179aaf9c6071a0e filters-section\"\u001b[39m\n      \u001b[36m>\u001b[39m\n        \u001b[36m<h3\u001b[39m\n          \u001b[33mclass\u001b[39m=\u001b[32m\"jsx-d179aaf9c6071a0e filter-title\"\u001b[39m\n        \u001b[36m>\u001b[39m\n          \u001b[0mFilter by Type\u001b[0m\n        \u001b[36m</h3>\u001b[39m\n        \u001b[36m<div\u001b[39m\n          \u001b[33maria-label\u001b[39m=\u001b[32m\"Manipulation type filters\"\u001b[39m\n          \u001b[33mclass\u001b[39m=\u001b[32m\"jsx-d179aaf9c6071a0e type-filters\"\u001b[39m\n          \u001b[33mrole\u001b[39m=\u001b[32m\"group\"\u001b[39m\n        \u001b[36m>\u001b[39m\n          \u001b[36m<button\u001b[39m\n            \u001b[33maria-pressed\u001b[39m=\u001b[32m\"false\"\u001b[39m\n            \u001b[33mclass\u001b[39m=\u001b[32m\"jsx-d179aaf9c6071a0e type-button \"\u001b[39m\n          \u001b[36m>\u001b[39m\n            \u001b[36m<span\u001b[39m\n              \u001b[33mclass\u001b[39m=\u001b[32m\"jsx-d179aaf9c6071a0e type-label\"\u001b[39m\n            \u001b[36m>\u001b[39m\n              \u001b[0mgaslighting\u001b[0m\n            \u001b[36m</span>\u001b[39m\n            \u001b[36m<span\u001b[39m\n              \u001b[33mclass\u001b[39m=\u001b[32m\"jsx-d179aaf9c6071a0e type-count\"\u001b[39m\n            \u001b[36m>\u001b[39m\n              \u001b[0m(\u001b[0m\n              \u001b[0m1\u001b[0m\n              \u001b[0m)\u001b[0m\n            \u001b[36m</span>\u001b[39m\n          \u001b[36m</button>\u001b[39m\n        \u001b[36m</div>\u001b[39m\n      \u001b[36m</div>\u001b[39m\n      \u001b[36m<div\u001b[39m\n        \u001b[33mclass\u001b[39m=\u001b[32m\"jsx-d179aaf9c6071a0e flags-section\"\u001b[39m\n      \u001b[36m>\u001b[39m\n        \u001b[36m<div\u001b[39m\n          \u001b[33mclass\u001b[39m=\u001b[32m\"jsx-d179aaf9c6071a0e flags-header\"\u001b[39m\n        \u001b[36m>\u001b[39m\n          \u001b[36m<h3\u001b[39m\n            \u001b[33mclass\u001b[39m=\u001b[32m\"jsx-d179aaf9c6071a0e flags-title\"\u001b[39m\n          \u001b[36m>\u001b[39m\n            \u001b[0mAll Flags (1)\u001b[0m\n          \u001b[36m</h3>\u001b[39m\n        \u001b[36m</div>\u001b[39m\n        \u001b[36m<ul\u001b[39m\n          \u001b[33mclass\u001b[39m=\u001b[32m\"jsx-d179aaf9c6071a0e flags-list\"\u001b[39m\n          \u001b[33mrole\u001b[39m=\u001b[32m\"list\"\u001b[39m\n        \u001b[36m>\u001b[39m\n          \u001b[36m<li\u001b[39m\n            \u001b[33mclass\u001b[39m=\u001b[32m\"jsx-d179aaf9c6071a0e flag-item\"\u001b[39m\n          \u001b[36m>\u001b[39m\n            \u001b[36m<button\u001b[39m\n              \u001b[33maria-label\u001b[39m=\u001b[32m\"Flag: Test manipulation text, severity 3, status pending\"\u001b[39m\n              \u001b[33mclass\u001b[39m=\u001b[32m\"jsx-d179aaf9c6071a0e flag-button\"\u001b[39m\n            \u001b[36m>\u001b[39m\n              \u001b[36m<div\u001b[39m\n                \u001b[33mclass\u001b[39m=\u001b[32m\"jsx-d179aaf9c6071a0e flag-header\"\u001b[39m\n              \u001b[36m>\u001b[39m\n                \u001b[36m<div\u001b[39m\n                  \u001b[33maria-label\u001b[39m=\u001b[32m\"Severity 3\"\u001b[39m\n                  \u001b[33mclass\u001b[39m=\u001b[32m\"jsx-d179aaf9c6071a0e flag-severity\"\u001b[39m\n                  \u001b[33mstyle\u001b[39m=\u001b[32m\"background-color: var(--color-warning);\"\u001b[39m\n                \u001b[36m>\u001b[39m\n                  \u001b[0m3\u001b[0m\n                \u001b[36m</div>\u001b[39m\n                \u001b[36m<span\u001b[39m\n                  \u001b[33mclass\u001b[39m=\u001b[32m\"jsx-d179aaf9c6071a0e sr-only\"\u001b[39m\n                \u001b[36m>\u001b[39m\n                  \u001b[0mSeverity: \u001b[0m\n                  \u001b[0m3\u001b[0m\n                \u001b[36m</span>\u001b[39m\n                \u001b[36m<div\u001b[39m\n                  \u001b[33mclass\u001b[39m=\u001b[32m\"jsx-d179aaf9c6071a0e flag-status\"\u001b[39m\n                  \u001b[33mstyle\u001b[39m=\u001b[32m\"color: var(--color-danger);\"\u001b[39m\n                \u001b[36m>\u001b[39m\n                  \u001b[0mpending\u001b[0m\n                \u001b[36m</div>\u001b[39m\n                \u001b[36m<div\u001b[39m\n                  \u001b[33mclass\u001b[39m=\u001b[32m\"jsx-d179aaf9c6071a0e flag-time\"\u001b[39m\n                \u001b[36m>\u001b[39m\n                  \u001b[0m1 hour ago\u001b[0m\n                \u001b[36m</div>\u001b[39m\n              \u001b[36m</div>\u001b[39m\n              \u001b[36m<div\u001b[39m\n                \u001b[33mclass\u001b[39m=\u001b[32m\"jsx-d179aaf9c6071a0e flag-text\"\u001b[39m\n              \u001b[36m>\u001b[39m\n                \u001b[0mTest manipulation text\u001b[0m\n              \u001b[36m</div>\u001b[39m\n              \u001b[36m<div\u001b[39m\n                \u001b[33mclass\u001b[39m=\u001b[32m\"jsx-d179aaf9c6071a0e flag-type\"\u001b[39m\n              \u001b[36m>\u001b[39m\n                \u001b[0mgaslighting\u001b[0m\n              \u001b[36m</div>\u001b[39m\n            \u001b[36m</button>\u001b[39m\n          \u001b[36m</li>\u001b[39m\n        \u001b[36m</ul>\u001b[39m\n      \u001b[36m</div>\u001b[39m\n    \u001b[36m</div>\u001b[39m\n  \u001b[36m</div>\u001b[39m\n\u001b[36m</body>\u001b[39m\n    at waitForWrapper (/Users/jamesbrady/wrath-shield-v3/node_modules/@testing-library/dom/dist/wait-for.js:163:27)\n    at Object.<anonymous> (/Users/jamesbrady/wrath-shield-v3/__tests__/components/power/FlagRadar.test.tsx:260:20)\n    at Promise.finally.completed (/Users/jamesbrady/wrath-shield-v3/node_modules/jest-circus/build/jestAdapterInit.js:1557:28)\n    at new Promise (<anonymous>)\n    at callAsyncCircusFn (/Users/jamesbrady/wrath-shield-v3/node_modules/jest-circus/build/jestAdapterInit.js:1497:10)\n    at _callCircusTest (/Users/jamesbrady/wrath-shield-v3/node_modules/jest-circus/build/jestAdapterInit.js:1007:40)\n    at _runTest (/Users/jamesbrady/wrath-shield-v3/node_modules/jest-circus/build/jestAdapterInit.js:947:3)\n    at /Users/jamesbrady/wrath-shield-v3/node_modules/jest-circus/build/jestAdapterInit.js:849:7\n    at _runTestsForDescribeBlock (/Users/jamesbrady/wrath-shield-v3/node_modules/jest-circus/build/jestAdapterInit.js:862:11)\n    at _runTestsForDescribeBlock (/Users/jamesbrady/wrath-shield-v3/node_modules/jest-circus/build/jestAdapterInit.js:857:11)\n    at _runTestsForDescribeBlock (/Users/jamesbrady/wrath-shield-v3/node_modules/jest-circus/build/jestAdapterInit.js:857:11)\n    at run (/Users/jamesbrady/wrath-shield-v3/node_modules/jest-circus/build/jestAdapterInit.js:761:3)\n    at runAndTransformResultsToJestFormat (/Users/jamesbrady/wrath-shield-v3/node_modules/jest-circus/build/jestAdapterInit.js:1918:21)\n    at jestAdapter (/Users/jamesbrady/wrath-shield-v3/node_modules/jest-circus/build/runner.js:101:19)\n    at runTestInternal (/Users/jamesbrady/wrath-shield-v3/node_modules/jest-runner/build/index.js:275:16)\n    at runTest (/Users/jamesbrady/wrath-shield-v3/node_modules/jest-runner/build/index.js:343:7)"],"fullName":"FlagRadar Component Status Color Coding should apply danger color for pending status","invocations":1,"location":null,"numPassingAsserts":0,"retryReasons":[],"startAt":1761669675913,"status":"failed","title":"should apply danger color for pending status"},{"ancestorTitles":["FlagRadar Component","Status Color Coding"],"duration":1004,"failing":false,"failureDetails":[{"name":"TestingLibraryElementError"}],"failureMessages":["Error: Unable to find an element with the text: Status: resolved. This could be because the text is broken up by multiple elements. In this case, you can provide a function for your text matcher to make your matcher more flexible.\n\nIgnored nodes: comments, script, style\n\u001b[36m<body>\u001b[39m\n  \u001b[36m<div>\u001b[39m\n    \u001b[36m<div\u001b[39m\n      \u001b[33maria-label\u001b[39m=\u001b[32m\"Flag Radar\"\u001b[39m\n      \u001b[33mclass\u001b[39m=\u001b[32m\"jsx-d179aaf9c6071a0e flag-radar \"\u001b[39m\n      \u001b[33mrole\u001b[39m=\u001b[32m\"region\"\u001b[39m\n    \u001b[36m>\u001b[39m\n      \u001b[36m<div\u001b[39m\n        \u001b[33mclass\u001b[39m=\u001b[32m\"jsx-d179aaf9c6071a0e stats-overview\"\u001b[39m\n      \u001b[36m>\u001b[39m\n        \u001b[36m<h2\u001b[39m\n          \u001b[33mclass\u001b[39m=\u001b[32m\"jsx-d179aaf9c6071a0e stats-title\"\u001b[39m\n        \u001b[36m>\u001b[39m\n          \u001b[0mFlag Distribution\u001b[0m\n        \u001b[36m</h2>\u001b[39m\n        \u001b[36m<div\u001b[39m\n          \u001b[33mclass\u001b[39m=\u001b[32m\"jsx-d179aaf9c6071a0e stats-grid\"\u001b[39m\n        \u001b[36m>\u001b[39m\n          \u001b[36m<div\u001b[39m\n            \u001b[33mclass\u001b[39m=\u001b[32m\"jsx-d179aaf9c6071a0e stat-card\"\u001b[39m\n          \u001b[36m>\u001b[39m\n            \u001b[36m<div\u001b[39m\n              \u001b[33mclass\u001b[39m=\u001b[32m\"jsx-d179aaf9c6071a0e stat-value\"\u001b[39m\n            \u001b[36m>\u001b[39m\n              \u001b[0m1\u001b[0m\n            \u001b[36m</div>\u001b[39m\n            \u001b[36m<div\u001b[39m\n              \u001b[33mclass\u001b[39m=\u001b[32m\"jsx-d179aaf9c6071a0e stat-label\"\u001b[39m\n            \u001b[36m>\u001b[39m\n              \u001b[0mTotal Flags\u001b[0m\n            \u001b[36m</div>\u001b[39m\n          \u001b[36m</div>\u001b[39m\n          \u001b[36m<div\u001b[39m\n            \u001b[33mclass\u001b[39m=\u001b[32m\"jsx-d179aaf9c6071a0e stat-card pending\"\u001b[39m\n          \u001b[36m>\u001b[39m\n            \u001b[36m<div\u001b[39m\n              \u001b[33mclass\u001b[39m=\u001b[32m\"jsx-d179aaf9c6071a0e stat-value\"\u001b[39m\n            \u001b[36m>\u001b[39m\n              \u001b[0m0\u001b[0m\n            \u001b[36m</div>\u001b[39m\n            \u001b[36m<div\u001b[39m\n              \u001b[33mclass\u001b[39m=\u001b[32m\"jsx-d179aaf9c6071a0e stat-label\"\u001b[39m\n            \u001b[36m>\u001b[39m\n              \u001b[0mPending\u001b[0m\n            \u001b[36m</div>\u001b[39m\n          \u001b[36m</div>\u001b[39m\n          \u001b[36m<div\u001b[39m\n            \u001b[33mclass\u001b[39m=\u001b[32m\"jsx-d179aaf9c6071a0e stat-card resolved\"\u001b[39m\n          \u001b[36m>\u001b[39m\n            \u001b[36m<div\u001b[39m\n              \u001b[33mclass\u001b[39m=\u001b[32m\"jsx-d179aaf9c6071a0e stat-value\"\u001b[39m\n            \u001b[36m>\u001b[39m\n              \u001b[0m1\u001b[0m\n            \u001b[36m</div>\u001b[39m\n            \u001b[36m<div\u001b[39m\n              \u001b[33mclass\u001b[39m=\u001b[32m\"jsx-d179aaf9c6071a0e stat-label\"\u001b[39m\n            \u001b[36m>\u001b[39m\n              \u001b[0mResolved\u001b[0m\n            \u001b[36m</div>\u001b[39m\n          \u001b[36m</div>\u001b[39m\n          \u001b[36m<div\u001b[39m\n            \u001b[33mclass\u001b[39m=\u001b[32m\"jsx-d179aaf9c6071a0e stat-card dismissed\"\u001b[39m\n          \u001b[36m>\u001b[39m\n            \u001b[36m<div\u001b[39m\n              \u001b[33mclass\u001b[39m=\u001b[32m\"jsx-d179aaf9c6071a0e stat-value\"\u001b[39m\n            \u001b[36m>\u001b[39m\n              \u001b[0m0\u001b[0m\n            \u001b[36m</div>\u001b[39m\n            \u001b[36m<div\u001b[39m\n              \u001b[33mclass\u001b[39m=\u001b[32m\"jsx-d179aaf9c6071a0e stat-label\"\u001b[39m\n            \u001b[36m>\u001b[39m\n              \u001b[0mDismissed\u001b[0m\n            \u001b[36m</div>\u001b[39m\n          \u001b[36m</div>\u001b[39m\n        \u001b[36m</div>\u001b[39m\n      \u001b[36m</div>\u001b[39m\n      \u001b[36m<div\u001b[39m\n        \u001b[33mclass\u001b[39m=\u001b[32m\"jsx-d179aaf9c6071a0e filters-section\"\u001b[39m\n      \u001b[36m>\u001b[39m\n        \u001b[36m<h3\u001b[39m\n          \u001b[33mclass\u001b[39m=\u001b[32m\"jsx-d179aaf9c6071a0e filter-title\"\u001b[39m\n        \u001b[36m>\u001b[39m\n          \u001b[0mFilter by Severity\u001b[0m\n        \u001b[36m</h3>\u001b[39m\n 
[...]
             \u001b[36m</span>\u001b[39m\n                \u001b[36m<span\u001b[39m\n                  \u001b[33mclass\u001b[39m=\u001b[32m\"jsx-d179aaf9c6071a0e severity-count\"\u001b[39m\n                \u001b[36m>\u001b[39m\n                  \u001b[0m(\u001b[0m\n                  \u001b[0m0\u001b[0m\n                  \u001b[0m)\u001b[0m\n                \u001b[36m</span>\u001b[39m\n              \u001b[36m</button>\u001b[39m\n              \u001b[36m<button\u001b[39m\n                \u001b[33maria-pressed\u001b[39m=\u001b[32m\"false\"\u001b[39m\n                \u001b[33mclass\u001b[39m=\u001b[32m\"jsx-d179aaf9c6071a0e severity-button \"\u001b[39m\n                \u001b[33mstyle\u001b[39m=\u001b[32m\"border-color: var(--color-warning); background-color: transparent; color: var(--color-warning);\"\u001b[39m\n              \u001b[36m>\u001b[39m\n                \u001b[36m<span\u001b[39m\n                  \u001b[33mclass\u001b[39m=\u001b[32m\"jsx-d179aaf9c6071a0e severity-label\"\u001b[39m\n                \u001b[36m>\u001b[39m\n                  \u001b[0m3\u001b[0m\n                \u001b[36m</span>\u001b[39m\n                \u001b[36m<span\u001b[39m\n                  \u001b[33mclass\u001b[39m=\u001b[32m\"jsx-d179aaf9c6071a0e severity-count\"\u001b[39m\n                \u001b[36m>\u001b[39m\n                  \u001b[0m(\u001b[0m\n                  \u001b[0m1\u001b[0m\n                  \u001b[0m)\u001b[0m\n                \u001b[36m</span>\u001b[39m\n              \u001b[36m</button>\u001b[39m\n              \u001b[36m<button\u001b[39m\n                \u001b[33maria-pressed\u001b[39m=\u001b[32m\"false\"\u001b[39m\n                \u001b[33mclass\u001b[39m=\u001b[32m\"jsx-d179aaf9c6071a0e severity-button \"\u001b[39m\n                \u001b[33mstyle\u001b[39m=\u001b[32m\"border-color: var(--color-danger); background-color: transparent; color: var(--color-danger);\"\u001b[39m\n              \u001b[36m>\u001b[39m\n                \u001b[36m<span\u001b[39m\n                  \u001b[33mclass\u001b[39m=\u001b[32m\"jsx-d179aaf9c6071a0e severity-label\"\u001b[39m\n                \u001b[36m>\u001b[39m\n                  \u001b[0m4\u001b[0m\n                \u001b[36m</span>\u001b[39m\n                \u001b[36m<span\u001b[39m\n                  \u001b[33mclass\u001b[39m=\u001b[32m\"jsx-d179aaf9c6071a0e severity-count\"\u001b[39m\n                \u001b[36m>\u001b[39m\n                  \u001b[0m(\u001b[0m\n                  \u001b[0m0\u001b[0m\n                  \u001b[0m)\u001b[0m\n                \u001b[36m</span>\u001b[39m\n              \u001b[36m</button>\u001b[39m\n              \u001b[36m<button\u001b[39m\n                \u001b[33maria-pressed\u001b[39m=\u001b[32m\"false\"\u001b[39m\n                \u001b[33mclass\u001b[39m=\u001b[32m\"jsx-d179aaf9c6071a0e severity-button \"\u001b[39m\n                \u001b[33mstyle\u001b[39m=\u001b[32m\"border-color: var(--color-danger); background-color: transparent; color: var(--color-danger);\"\u001b[39m\n              \u001b[36m>\u001b[39m\n                \u001b[36m<span\u001b[39m\n                  \u001b[33mclass\u001b[39m=\u001b[32m\"jsx-d179aaf9c6071a0e severity-label\"\u001b[39m\n                \u001b[36m>\u001b[39m\n                  \u001b[0m5\u001b[0m\n                \u001b[36m</span>\u001b[39m\n                \u001b[36m<span\u001b[39m\n                  \u001b[33mclass\u001b[39m=\u001b[32m\"jsx-d179aaf9c6071a0e severity-count\"\u001b[39m\n                \u001b[36m>\u001b[39m\n                  \u001b[0m(\u001b[0m\n                  \u001b[0m0\u001b[0m\n                  \u001b[0m)\u001b[0m\n                \u001b[36m</span>\u001b[39m\n              \u001b[36m</button>\u001b[39m\n            \u001b[36m</div>\u001b[39m\n          \u001b[36m</div>\u001b[39m\n          \u001b[36m<div\u001b[39m\n            \u001b[33mclass\u001b[39m=\u001b[32m\"jsx-d179aaf9c6071a0e flags-section\"\u001b[39m\n          \u001b[36m>\u001b[39m\n            \u001b[36m<div\u001b[39m\n              \u001b[33mclass\u001b[39m=\u001b[32m\"jsx-d179aaf9c6071a0e flags-header\"\u001b[39m\n            \u001b[36m>\u001b[39m\n              \u001b[36m<h3\u001b[39m\n                \u001b[33mclass\u001b[39m=\u001b[32m\"jsx-d179aaf9c6071a0e flags-title\"\u001b[39m\n              \u001b[36m>\u001b[39m\n                \u001b[0mAll Flags (1)\u001b[0m\n              \u001b[36m</h3>\u001b[39m\n            \u001b[36m</div>\u001b[39m\n            \u001b[36m<ul\u001b[39m\n              \u001b[33mclass\u001b[39m=\u001b[32m\"jsx-d179aaf9c6071a0e flags-list\"\u001b[39m\n              \u001b[33mrole\u001b[39m=\u001b[32m\"list\"\u001b[39m\n            \u001b[36m>\u001b[39m\n              \u001b[36m<li\u001b[39m\n                \u001b[33mclass\u001b[39m=\u001b[32m\"jsx-d179aaf9c6071a0e flag-item\"\u001b[39m\n              \u001b[36m>\u001b[39m\n                \u001b[36m<button\u001b[39m\n                  \u001b[33maria-label\u001b[39m=\u001b[32m\"Flag: Unknown type, severity 3, status pending\"\u001b[39m\n                  \u001b[33mclass\u001b[39m=\u001b[32m\"jsx-d179aaf9c6071a0e flag-button\"\u001b[39m\n                \u001b[36m>\u001b[39m\n                  \u001b[36m<div\u001b[39m\n                    \u001b[33mclass\u001b[39m=\u001b[32m\"jsx-d179aaf9c6071a0e flag-header\"\u001b[39m\n                  \u001b[36m>\u001b[39m\n                    \u001b[36m<div\u001b[39m\n                      \u001b[33maria-label\u001b[39m=\u001b[32m\"Severity 3\"\u001b[39m\n                      \u001b[33mclass\u001b[39m=\u001b[32m\"jsx-d179aaf9c6071a0e flag-severity\"\u001b[39m\n                      \u001b[33mstyle\u001b[39m=\u001b[32m\"background-color: var(--color-warning);\"\u001b[39m\n                    \u001b[36m>\u001b[39m\n                      \u001b[0m3\u001b[0m\n                    \u001b[36m</div>\u001b[39m\n                    \u001b[36m<span\u001b[39m\n                      \u001b[33mclass\u001b[39m=\u001b[32m\"jsx-d179aaf9c6071a0e sr-only\"\u001b[39m\n                    \u001b[36m>\u001b[39m\n                      \u001b[0mSeverity: \u001b[0m\n                      \u001b[0m3\u001b[0m\n                    \u001b[36m</span>\u001b[39m\n                    \u001b[36m<div\u001b[39m\n                      \u001b[33mclass\u001b[39m=\u001b[32m\"jsx-d179aaf9c6071a0e flag-status\"\u001b[39m\n                      \u001b[33mstyle\u001b[39m=\u001b[32m\"color: var(--color-danger);\"\u001b[39m\n                    \u001b[36m>\u001b[39m\n                      \u001b[0mpending\u001b[0m\n                    \u001b[36m</div>\u001b[39m\n                    \u001b[36m<div\u001b[39m\n                      \u001b[33mclass\u001b[39m=\u001b[32m\"jsx-d179aaf9c6071a0e flag-time\"\u001b[39m\n                    \u001b[36m>\u001b[39m\n                      \u001b[0m1 hour ago\u001b[0m\n                    \u001b[36m</div>\u001b[39m\n                  \u001b[36m</div>\u001b[39m\n                  \u001b[36m<div\u001b[39m\n                    \u001b[33mclass\u001b[39m=\u001b[32m\"jsx-d179aaf9c6071a0e flag-text\"\u001b[39m\n                  \u001b[36m>\u001b[39m\n                    \u001b[0mUnknown type\u001b[0m\n                  \u001b[36m</div>\u001b[39m\n                  \u001b[36m<div\u001b[39m\n                    \u001b[33mclass\u001b[39m=\u001b[32m\"jsx-d179aaf9c6071a0e flag-type\"\u001b[39m\n                  \u001b[36m>\u001b[39m\n                    \u001b[0munknown\u001b[0m\n                  \u001b[36m</div>\u001b[39m\n                \u001b[36m</button>\u001b[39m\n              \u001b[36m</li>\u001b[39m\n            \u001b[36m</ul>\u001b[39m\n          \u001b[36m</div>\u001b[39m\n        \u001b[36m</div>\u001b[39m\n      \u001b[36m</div>\u001b[39m\n    \u001b[36m</body>\u001b[39m\n\n      741 |       render(<FlagRadar />);\n      742 |\n    > 743 |       await waitFor(() => {\n          |                    ^\n      744 |         expect(screen.getByText(/unknown type/i)).toBeInTheDocument();\n      745 |         expect(screen.getByText(/unknown/i)).toBeInTheDocument(); // Type should show as \"unknown\"\n      746 |       });\n\n      at waitForWrapper (node_modules/@testing-library/dom/dist/wait-for.js:163:27)\n      at Object.<anonymous> (__tests__/components/power/FlagRadar.test.tsx:743:20)\n\n  ● FlagRadar Component › Edge Cases › should handle many flags efficiently\n\n    Found multiple elements with the text: 100\n\n    Here are the matching elements:\n\n    Ignored nodes: comments, script, style\n    \u001b[36m<div\u001b[39m\n      \u001b[33mclass\u001b[39m=\u001b[32m\"jsx-d179aaf9c6071a0e stat-value\"\u001b[39m\n    \u001b[36m>\u001b[39m\n      \u001b[0m100\u001b[0m\n    \u001b[36m</div>\u001b[39m\n\n    Ignored nodes: comments, script, style\n    \u001b[36m<div\u001b[39m\n      \u001b[33mclass\u001b[39m=\u001b[32m\"jsx-d179aaf9c6071a0e stat-value\"\u001b[39m\n    \u001b[36m>\u001b[39m\n      \u001b[0m100\u001b[0m\n    \u001b[36m</div>\u001b[39m\n\n    (If this is intentional, then use the `*AllBy*` variant of the query (like `queryAllByText`, `getAllByText`, or `findAllByText`)).\n\n    Ignored nodes: comments, script, style\n    \u001b[36m<body>\u001b[39m\n      \u001b[36m<div>\u001b[39m\n        \u001b[36m<div\u001b[39m\n          \u001b[33maria-label\u001b[39m=\u001b[32m\"Flag Radar\"\u001b[39m\n          \u001b[33mclass\u001b[39m=\u001b[32m\"jsx-d179aaf9c6071a0e flag-radar \"\u001b[39m\n          \u001b[33mrole\u001b[39m=\u001b[32m\"region\"\u001b[39m\n        \u001b[36m>\u001b[39m\n          \u001b[36m<div\u001b[39m\n            \u001b[33mclass\u001b[39m=\u001b[32m\"jsx-d179aaf9c6071a0e stats-overview\"\u001b[39m\n          \u001b[36m>\u001b[39m\n            \u001b[36m<h2\u001b[39m\n              \u001b[33mclass\u001b[39m=\u001b[32m\"jsx-d179aaf9c6071a0e stats-title\"\u001b[39m\n            \u001b[36m>\u001b[39m\n              \u001b[0mFlag Distribution\u001b[0m\n            \u001b[36m</h2>\u001b[39m\n            \u001b[36m<div\u001b[39m\n              \u001b[33mclass\u001b[39m=\u001b[32m\"jsx-d179aaf9c6071a0e stats-grid\"\u001b[39m\n            \u001b[36m>\u001b[39m\n              \u001b[36m<div\u001b[39m\n                \u001b[33mclass\u001b[39m=\u001b[32m\"jsx-d179aaf9c6071a0e stat-card\"\u001b[39m\n              \u001b[36m>\u001b[39m\n                \u001b[36m<div\u001b[39m\n                  \u001b[33mclass\u001b[39m=\u001b[32m\"jsx-d179aaf9c6071a0e stat-value\"\u001b[39m\n                \u001b[36m>\u001b[39m\n                  \u001b[0m100\u001b[0m\n                \u001b[36m</div>\u001b[39m\n                \u001b[36m<div\u001b[39m\n                  \u001b[33mclass\u001b[39m=\u001b[32m\"jsx-d179aaf9c6071a0e stat-label\"\u001b[39m\n                \u001b[36m>\u001b[39m\n                  \u001b[0mTotal Flags\u001b[0m\n                \u001b[36m</div>\u001b[39m\n              \u001b[36m</div>\u001b[39m\n              \u001b[36m<div\u001b[39m\n                \u001b[33mclass\u001b[39m=\u001b[32m\"jsx-d179aaf9c6071a0e stat-card pending\"\u001b[39m\n              \u001b[36m>\u001b[39m\n                \u001b[36m<div\u001b[39m\n                  \u001b[33mclass\u001b[39m=\u001b[32m\"jsx-d179aaf9c6071a0e stat-value\"\u001b[39m\n                \u001b[36m>\u001b[39m\n                  \u001b[0m100\u001b[0m\n                \u001b[36m</div>\u001b[39m\n                \u001b[36m<div\u001b[39m\n                  \u001b[33mclass\u001b[39m=\u001b[32m\"jsx-d179aaf9c6071a0e stat-label\"\u001b[39m\n                \u001b[36m>\u001b[39m\n                  \u001b[0mPending\u001b[0m\n                \u001b[36m</div>\u001b[39m\n              \u001b[36m</div>\u001b[39m\n              \u001b[36m<div\u001b[39m\n                \u001b[33mclass\u001b[39m=\u001b[32m\"jsx-d179aaf9c6071a0e stat-card resolved\"\u001b[39m\n              \u001b[36m>\u001b[39m\n                \u001b[36m<div\u001b[39m\n                  \u001b[33mclass\u001b[39m=\u001b[32m\"jsx-d179aaf9c6071a0e stat-value\"\u001b[39m\n                \u001b[36m>\u001b[39m\n                  \u001b[0m0\u001b[0m\n                \u001b[36m</div>\u001b[39m\n                \u001b[36m<div\u001b[39m\n                  \u001b[33mclass\u001b[39m=\u001b[32m\"jsx-d179aaf9c6071a0e stat-label\"\u001b[39m\n                \u001b[36m>\u001b[39m\n                  \u001b[0mResolved\u001b[0m\n                \u001b[36m</div>\u001b[39m\n              \u001b[36m</div>\u001b[39m\n              \u001b[36m<div\u001b[39m\n                \u001b[33mclass\u001b[39m=\u001b[32m\"jsx-d179aaf9c6071a0e stat-card dismissed\"\u001b[39m\n              \u001b[36m>\u001b[39m\n                \u001b[36m<div\u001b[39m\n                  \u001b[33mclass\u001b[39m=\u001b[32m\"jsx-d179aaf9c6071a0e stat-value\"\u001b[39m\n                \u001b[36m>\u001b[39m\n                  \u001b[0m0\u001b[0m\n                \u001b[36m</div>\u001b[39m\n                \u001b[36m<div\u001b[39m\n                  \u001b[33mclass\u001b[39m=\u001b[32m\"jsx-d179aaf9c6071a0e stat-label\"\u001b[39m\n                \u001b[36m>\u001b[39m\n                  \u001b[0mDismissed\u001b[0m\n                \u001b[36m</div>\u001b[39m\n              \u001b[36m</div>\u001b[39m\n            \u001b[36m</div>\u001b[39m\n          \u001b[36m</div>\u001b[39m\n          \u001b[36m<div\u001b[39m\n            \u001b[33mclass\u001b[39m=\u001b[32m\"jsx-d179aaf9c6071a0e filters-section\"\u001b[39m\n          \u001b[36m>\u001b[39m\n            \u001b[36m<h3\u001b[39m\n              \u001b[33mclass\u001b[39m=\u001b[32m\"jsx-d179aaf9c6071a0e filter-title\"\u001b[39m\n            \u001b[36m>\u001b[39m\n              \u001b[0mFilter by Severity\u001b[0m\n            \u001b[36m</h3>\u001b[39m\n            \u001b[36m<div\u001b[39m\n              \u001b[33maria-label\u001b[39m=\u001b[32m\"Severity filters\"\u001b[39m\n              \u001b[33mclass\u001b[39m=\u001b[32m\"jsx-d179aaf9c6071a0e severity-filters\"\u001b[39m\n              \u001b[33mrole\u001b[39m=\u001b[32m\"group\"\u001b[39m\n            \u001b[36m>\u001b[39m\n              \u001b[36m<button\u001b[39m\n                \u001b[33maria-pressed\u001b[39m=\u001b[32m\"true\"\u001b[39m\n                \u001b[33mclass\u001b[39m=\u001b[32m\"jsx-d179aaf9c6071a0e severity-button active\"\u001b[39m\n              \u001b[36m>\u001b[39m\n                \u001b[36m<span\u001b[39m\n                  \u001b[33mclass\u001b[39m=\u001b[32m\"jsx-d179aaf9c6071a0e severity-label\"\u001b[39m\n                \u001b[36m>\u001b[39m\n                  \u001b[0mAll\u001b[0m\n                \u001b[36m</span>\u001b[39m\n                \u001b[36m<span\u001b[39m\n                  \u001b[33mclass\u001b[39m=\u001b[32m\"jsx-d179aaf9c6071a0e severity-count\"\u001b[39m\n                \u001b[36m>\u001b[39m\n                  \u001b[0m(\u001b[0m\n                  \u001b[0m100\u001b[0m\n                  \u001b[0m)\u001b[0m\n                \u001b[36m</span>\u001b[39m\n              \u001b[36m</button>\u001b[39m\n              \u001b[36m<button\u001b[39m\n                \u001b[33maria-pressed\u001b[39m=\u001b[32m\"false\"\u001b[39m\n                \u001b[33mclass\u001b[39m=\u001b[32m\"jsx-d179aaf9c6071a0e severity-button \"\u001b[39m\n                \u001b[33mstyle\u001b[39m=\u001b[32m\"border-color: var(--color-info); background-color: transparent; color: var(--color-info);\"\u001b[39m\n              \u001b[36m>\u001b[39m\n                \u001b[36m<span\u001b[39m\n                  \u001b[33mclass\u001b[39m=\u001b[32m\"jsx-d179aaf9c6071a0e severity-label\"\u001b[39m\n                \u001b[36m>\u001b[39m\n                  \u001b[0m1\u001b[0m\n                \u001b[36m</span>\u001b[39m\n                \u001b[36m<span\u001b[39m\n                  \u001b[33mclass\u001b[39m=\u001b[32m\"jsx-d179aaf9c6071a0e severity-count\"\u001b[39m\n                \u001b[36m>\u001b[39m\n                  \u001b[0m(\u001b[0m\n                  \u001b[0m20\u001b[0m\n                  \u001b[0m)\u001b[0m\n                \u001b[36m</span>\u001b[39m\n              \u001b[36m</button>\u001b[39m\n              \u001b[36m<button\u001b[39m\n                \u001b[33maria-pressed\u001b[39m=\u001b[32m\"false\"\u001b[39m\n                \u001b[33mclass\u001b[39m=\u001b[32m\"jsx-d179aaf9c6071a0e severity-button \"\u001b[39m\n                \u001b[33mstyle\u001b[39m=\u001b[32m\"border-color: var(--color-info); background-color: transparent; color: var(--color-info);\"\u001b[39m\n              \u001b[36m>\u001b[39m\n                \u001b[36m<span\u001b[39m\n                  \u001b[33mclass\u001b[39m=\u001b[32m\"jsx-d179aaf9c6071a0e severity-label\"\u001b[39m\n                \u001b[36m>\u001b[39m\n                  \u001b[0m2\u001b[0m\n                \u001b[36m</span>\u001b[39m\n                \u001b[36m<span\u001b[39m\n                  \u001b[33mclass\u001b[39m=\u001b[32m\"jsx-d179aaf9c6071a0e severity-count\"\u001b[39m\n                \u001b[36m>\u001b[39m\n                  \u001b[0m(\u001b[0m\n                  \u001b[0m20\u001b[0m\n                  \u001b[0m)\u001b[0m\n                \u001b[36m</span>\u001b[39m\n              \u001b[36m</button>\u001b[39m\n              \u001b[36m<button\u001b[39m\n                \u001b[33maria-pressed\u001b[39m=\u001b[32m\"false\"\u001b[39m\n                \u001b[33mclass\u001b[39m=\u001b[32m\"jsx-d179aaf9c6071a0e severity-button \"\u001b[39m\n                \u001b[33mstyle\u001b[39m=\u001b[32m\"border-color: var(--color-warning); background-color: transparent; color: var(--color-warning);\"\u001b[39m\n              \u001b[36m>\u001b[39m\n                \u001b[36m<span\u001b[39m\n                  \u001b[33mclass\u001b[39m=\u001b[32m\"jsx-d179aaf9c6071a0e severity-label\"\u001b[39m\n                \u001b[36m>\u001b[39m\n                  \u001b[0m3\u001b[0m\n                \u001b[36m</span>\u001b[39m\n                \u001b[36m<span\u001b[39m\n                  \u001b[33mclass\u001b[39m=\u001b[32m\"jsx-d179aaf9c6071a0e severity-count\"\u001b[39m\n                \u001b[36m>\u001b[39m\n                  \u001b[0m(\u001b[0m\n                  \u001b[0m20\u001b[0m\n                  \u001b[0m)\u001b[0m\n                \u001b[36m</span>\u001b[39m\n              \u001b[36m</button>\u001b[39m\n              \u001b[36m<button\u001b[39m\n                \u001b[33maria-pressed\u001b[39m=\u001b[32m\"false\"\u001b[39m\n                \u001b[33mclass\u001b[39m=\u001b[32m\"jsx-d179aaf9c6071a0e severity-button \"\u001b[39m\n                \u001b[33mstyle\u001b[39m=\u001b[32m\"border-color: var(--color-danger); background-color: transparent; color: var(--color-danger);\"\u001b[39m\n              \u001b[36m>\u001b[39m\n                \u001b[36m<span\u001b[39m\n                  \u001b[33mclass\u001b[39m=\u001b[32m\"jsx-d179aaf9c6071a0e severity-label\"\u001b[39m\n                \u001b[36m>\u001b[39m\n                  \u001b[0m4\u001b[0m\n                \u001b[36m</span>\u001b[39m\n                \u001b[36m<span\u001b[39m\n                  \u001b[33mclass\u001b[39m=\u001b[32m\"jsx-d179aaf9c6071a0e severity-count\"\u001b[39m\n                \u001b[36m>\u001b[39m\n                  \u001b[0m(\u001b[0m\n                  \u001b[0m20\u001b[0m\n                  \u001b[0m)\u001b[0m\n                \u001b[36m</span>\u001b[39m\n              \u001b[36m</button>\u001b[39m\n              \u001b[36m<button\u001b[39m\n                \u001b[33maria-pressed\u001b[39m=\u001b[32m\"false\"...\n\n      781 |       render(<FlagRadar />);\n      782 |\n    > 783 |       await waitFor(() => {\n          |                    ^\n      784 |         expect(screen.getByText('100')).toBeInTheDocument(); // Total count\n      785 |       });\n      786 |     });\n\n      at waitForWrapper (node_modules/@testing-library/dom/dist/wait-for.js:163:27)\n      at Object.<anonymous> (__tests__/components/power/FlagRadar.test.tsx:783:20)\n","name":"/Users/jamesbrady/wrath-shield-v3/__tests__/components/power/FlagRadar.test.tsx","startTime":1761669673658,"status":"failed","summary":""}],"wasInterrupted":false}
